mount.cfg adding path: '/home/content/cstrike/'
Couldn't load shader dll: game_shader_generic_garrysmod_srv.soConVarRef mat_dxlevel doesn't point to an existing ConVar
Game_srv.so loaded for "Garry's Mod"
Initializing Steam libraries for Workshop..
WS: No +host_workshop_collection or it is invalid!
Unknown command "cl_cmdrate"
Unknown command "cl_updaterate"
Unknown command "rate"
Usage: sv_setsteamaccount <login_token>
"host_workshop_collection" = ""
 game
Network: IP 208.103.169.21, mode MP, dedicated Yes, ports 27015 SV / 28005 CL
PREP OK
ConVarRef room_type doesn't point to an existing ConVar
Executing dedicated server config file server.cfg
Using map cycle file cfg/mapcycle.txt.
Initializing Steam libraries for secure Internet server
No account token specified; logging into anonymous game server account.  (Use sv_setsteamaccount to login to a persistent account.)
Server ranking in server browser will be negatively impacted due to sv_setsteamaccount not being set.
Server logging enabled.
Server logging data to file logs/L1129000.log
L 11/29/2023 - 02:13:34: Log file started (file "logs/L1129000.log") (game "/home/gmcgame/sammim/82/garrysmod") (version "9040")
Unknown command "sbox_allownpcs"
Unknown command "sbox_plpldamage"
Unknown command "sbox_playergod"
Unknown command "sbox_maxspawners"
Unknown command "sbox_maxturrets"
'banned_ip.cfg' not present; not executing.
'banned_user.cfg' not present; not executing.
Connection to Steam servers successful.
   Public IP is 208.103.169.21.
Assigned anonymous gameserver Steam ID [A-1:3838085146(24752)].
VAC secure mode is activated.
Client "Dishwasher" connected (47.5.106.29:27005).
Dishwasher: !menu
