Couldn't load shader dll: game_shader_generic_garrysmod_srv.soConVarRef mat_dxlevel doesn't point to an existing ConVar
Game_srv.so loaded for "Garry's Mod"
Initializing Steam libraries for Workshop..
WS: Waiting for Steam to log us in........
WS: Fetching collection info...
Processing collection 3023459068...
   Collection 'Atlas' (287 items)
   Retrieving item details...
   286 new addon(s) + 1 new collection(s)
Processing collection 2222752768...
   Collection 'Vanguard Imperial 2023 Content' (158 items)
   Retrieving item details...
   44 new addon(s) + 1 new collection(s)
Processing collection 2729866003...
   Collection 'Server Tools' (40 items)
   Retrieving item details...
   23 new addon(s)
WS: Finished!

WS: Processing 353 addons...
Processing addon 353: NPC Tools (104486597)...
   Mounted!
Processing addon 352: Playable Piano (104548572)...
   Mounted!
Processing addon 351: Standing Pose Tool (104576786)...
   Mounted!
Processing addon 350: Extended Properties (104607712)...
   Mounted!
Processing addon 349: No Collide World [Reupload] (104634865)...
   Mounted!
Processing addon 348: PAC3 (104691717)...
   Mounted!
Processing addon 347: The Sit Anywhere Script! (108176967)...
   Mounted!
Processing addon 346: 3D2D Textscreens (109643223)...
   Mounted!
Processing addon 345: Star Wars Lightsabers (111412589)...
   Mounted!
Processing addon 344: Rp_Stardestroyer (130083907)...
   Mounted!
Processing addon 343: Smart Weld (131586620)...
   Mounted!
Processing addon 342: VJ Base (131759821)...
   Mounted!
Processing addon 341: rp_catalyst_v1 (135544186)...
   Mounted!
Processing addon 340: Rp_Kashyyyk_Jungle (169044808)...
   Mounted!
Processing addon 339: Sci-Fi Citizens v4 (173923845)...
   Mounted!
Processing addon 338: Sci-Fi Citizens Playermodels (173932955)...
   Addon needs downloading...
   Downloading [ 57% of 7.0 MB ]
   Downloading [ 63% of 7.0 MB ]
   Downloading [ 76% of 7.0 MB ]
   Downloading [ 88% of 7.0 MB ]
   Downloading [ 99% of 7.0 MB ]
   Downloaded!
   Extracting...
   Mounting...
   Mounted!
Processing addon 337: Emplacements (213515639)...
   Addon needs downloading...
   Downloading [ 15% of 2.5 MB ]
   Downloading [ 49% of 2.5 MB ]
   Downloading [ 85% of 2.5 MB ]
   Downloaded!
   Extracting...
   Mounting...
   Mounted!
Processing addon 336: PermaProps (220336312)...
   Addon needs downloading...
   Downloaded!
   Mounted!
Processing addon 335: Rp_Naboo_City (225115060)...
   Addon needs downloading...
   Downloading [ 0% of 81.2 MB ]
   Downloading [ 0% of 81.2 MB ]
   Downloading [ 1% of 81.2 MB ]
   Downloading [ 3% of 81.2 MB ]
   Downloading [ 4% of 81.2 MB ]
   Downloading [ 5% of 81.2 MB ]
   Downloading [ 6% of 81.2 MB ]
   Downloading [ 7% of 81.2 MB ]
   Downloading [ 8% of 81.2 MB ]
   Downloading [ 9% of 81.2 MB ]
   Downloading [ 10% of 81.2 MB ]
   Downloading [ 11% of 81.2 MB ]
   Downloading [ 12% of 81.2 MB ]
   Downloading [ 13% of 81.2 MB ]
   Downloading [ 14% of 81.2 MB ]
   Downloading [ 15% of 81.2 MB ]
   Downloading [ 16% of 81.2 MB ]
   Downloading [ 17% of 81.2 MB ]
   Downloading [ 18% of 81.2 MB ]
   Downloading [ 19% of 81.2 MB ]
   Downloading [ 20% of 81.2 MB ]
   Downloading [ 21% of 81.2 MB ]
   Downloading [ 22% of 81.2 MB ]
   Downloading [ 23% of 81.2 MB ]
   Downloading [ 25% of 81.2 MB ]
   Downloading [ 26% of 81.2 MB ]
   Downloading [ 27% of 81.2 MB ]
   Downloading [ 28% of 81.2 MB ]
   Downloading [ 29% of 81.2 MB ]
   Downloading [ 30% of 81.2 MB ]
   Downloading [ 31% of 81.2 MB ]
   Downloading [ 32% of 81.2 MB ]
   Downloading [ 33% of 81.2 MB ]
   Downloading [ 34% of 81.2 MB ]
   Downloading [ 36% of 81.2 MB ]
   Downloading [ 37% of 81.2 MB ]
   Downloading [ 38% of 81.2 MB ]
   Downloading [ 39% of 81.2 MB ]
   Downloading [ 40% of 81.2 MB ]
   Downloading [ 41% of 81.2 MB ]
   Downloading [ 42% of 81.2 MB ]
   Downloading [ 43% of 81.2 MB ]
   Downloading [ 44% of 81.2 MB ]
   Downloading [ 45% of 81.2 MB ]
   Downloading [ 47% of 81.2 MB ]
   Downloading [ 48% of 81.2 MB ]
   Downloading [ 49% of 81.2 MB ]
   Downloading [ 50% of 81.2 MB ]
   Downloading [ 51% of 81.2 MB ]
   Downloading [ 52% of 81.2 MB ]
   Downloading [ 53% of 81.2 MB ]
   Downloading [ 54% of 81.2 MB ]
   Downloading [ 55% of 81.2 MB ]
   Downloading [ 56% of 81.2 MB ]
   Downloading [ 57% of 81.2 MB ]
   Downloading [ 58% of 81.2 MB ]
   Downloading [ 59% of 81.2 MB ]
   Downloading [ 60% of 81.2 MB ]
   Downloading [ 61% of 81.2 MB ]
   Downloading [ 62% of 81.2 MB ]
   Downloading [ 63% of 81.2 MB ]
   Downloading [ 64% of 81.2 MB ]
   Downloading [ 65% of 81.2 MB ]
   Downloading [ 66% of 81.2 MB ]
   Downloading [ 67% of 81.2 MB ]
   Downloading [ 68% of 81.2 MB ]
   Downloading [ 70% of 81.2 MB ]
   Downloading [ 71% of 81.2 MB ]
   Downloading [ 72% of 81.2 MB ]
   Downloading [ 73% of 81.2 MB ]
   Downloading [ 74% of 81.2 MB ]
   Downloading [ 75% of 81.2 MB ]
   Downloading [ 76% of 81.2 MB ]
   Downloading [ 76% of 81.2 MB ]
   Downloading [ 77% of 81.2 MB ]
   Downloading [ 78% of 81.2 MB ]
   Downloading [ 80% of 81.2 MB ]
   Downloading [ 81% of 81.2 MB ]
   Downloading [ 81% of 81.2 MB ]
   Downloading [ 82% of 81.2 MB ]
   Downloading [ 83% of 81.2 MB ]
   Downloading [ 84% of 81.2 MB ]
   Downloading [ 86% of 81.2 MB ]
   Downloading [ 87% of 81.2 MB ]
   Downloading [ 88% of 81.2 MB ]
   Downloading [ 89% of 81.2 MB ]
   Downloading [ 90% of 81.2 MB ]
   Downloading [ 91% of 81.2 MB ]
   Downloading [ 92% of 81.2 MB ]
   Downloading [ 93% of 81.2 MB ]
   Downloading [ 94% of 81.2 MB ]
