Couldn't load shader dll: game_shader_generic_garrysmod_srv.soConVarRef mat_dxlevel doesn't point to an existing ConVar
Game_srv.so loaded for "Garry's Mod"
Initializing Steam libraries for Workshop..
WS: No +host_workshop_collection or it is invalid!
Adding Filesystem Addon '/home/gmcgame/sammim/82/garrysmod/addons/_ugc_ws'
Adding Filesystem Addon '/home/gmcgame/sammim/82/garrysmod/addons/advanced-medic-mod'
Adding Filesystem Addon '/home/gmcgame/sammim/82/garrysmod/addons/advdupe2'
Adding Filesystem Addon '/home/gmcgame/sammim/82/garrysmod/addons/atlas-server-content'
Adding Filesystem Addon '/home/gmcgame/sammim/82/garrysmod/addons/atlaschat'
Adding Filesystem Addon '/home/gmcgame/sammim/82/garrysmod/addons/bodygroupr-master'
Adding Filesystem Addon '/home/gmcgame/sammim/82/garrysmod/addons/bricks-credit-store'
Adding Filesystem Addon '/home/gmcgame/sammim/82/garrysmod/addons/cuffs'
Adding Filesystem Addon '/home/gmcgame/sammim/82/garrysmod/addons/customhq_defibrillator'
Adding Filesystem Addon '/home/gmcgame/sammim/82/garrysmod/addons/darkrpmodification'
Adding Filesystem Addon '/home/gmcgame/sammim/82/garrysmod/addons/darkrpmodification-master_gmchosting'
Adding Filesystem Addon '/home/gmcgame/sammim/82/garrysmod/addons/dwep'
Adding Filesystem Addon '/home/gmcgame/sammim/82/garrysmod/addons/edgehud'
Adding Filesystem Addon '/home/gmcgame/sammim/82/garrysmod/addons/emenu'
Adding Filesystem Addon '/home/gmcgame/sammim/82/garrysmod/addons/fprofiler'
Adding Filesystem Addon '/home/gmcgame/sammim/82/garrysmod/addons/gmcpanel-workshop-merged'
Adding Filesystem Addon '/home/gmcgame/sammim/82/garrysmod/addons/gmodadminsuite-adminphysgun-2.0.1'
Adding Filesystem Addon '/home/gmcgame/sammim/82/garrysmod/addons/gmodadminsuite-adminsits-2.0.1'
Adding Filesystem Addon '/home/gmcgame/sammim/82/garrysmod/addons/gmodadminsuite-config'
Adding Filesystem Addon '/home/gmcgame/sammim/82/garrysmod/addons/gmodadminsuite-jobwhitelist-1.3.3'
Adding Filesystem Addon '/home/gmcgame/sammim/82/garrysmod/addons/gmodadminsuite-logging-2.4.8'
Adding Filesystem Addon '/home/gmcgame/sammim/82/garrysmod/addons/permaprops-master'
Adding Filesystem Addon '/home/gmcgame/sammim/82/garrysmod/addons/projectzero-weaponcustomiser'
Adding Filesystem Addon '/home/gmcgame/sammim/82/garrysmod/addons/rogue-scoreboard'
Adding Filesystem Addon '/home/gmcgame/sammim/82/garrysmod/addons/sam-149'
Adding Filesystem Addon '/home/gmcgame/sammim/82/garrysmod/addons/sqlworkbench'
Adding Filesystem Addon '/home/gmcgame/sammim/82/garrysmod/addons/stacker'
Adding Filesystem Addon '/home/gmcgame/sammim/82/garrysmod/addons/stackerstool'
Adding Filesystem Addon '/home/gmcgame/sammim/82/garrysmod/addons/sui'
Adding Filesystem Addon '/home/gmcgame/sammim/82/garrysmod/addons/ulib'
Adding Filesystem Addon '/home/gmcgame/sammim/82/garrysmod/addons/ulx'
Adding Filesystem Addon '/home/gmcgame/sammim/82/garrysmod/addons/willox-keypad-cracker'
Adding Filesystem Addon '/home/gmcgame/sammim/82/garrysmod/addons/xeon-drm-dll'
Unknown command "cl_cmdrate"
Unknown command "cl_updaterate"
Unknown command "rate"
Usage: sv_setsteamaccount <login_token>
"host_workshop_collection" = ""
 game
Network: IP 208.103.169.21, mode MP, dedicated Yes, ports 27015 SV / 28005 CL
Error loading cfg/trusted_keys_base.txt
Error loading cfg/pure_server_minimal.txt
PREP OK

[ERROR] lua/includes/util.lua:383: '=' expected near 'continue'
  1. unknown - lua/includes/init.lua:6


[ERROR] lua/includes/modules/team.lua:4: attempt to call global 'Color' (a nil value)
  1. unknown - lua/includes/modules/team.lua:4
   2. require - [C]:-1
    3. unknown - lua/includes/init.lua:25


[ERROR] lua/includes/init.lua:25: Module not found!
  1. require - [C]:-1
   2. unknown - lua/includes/init.lua:25


[ERROR] gamemodes/base/gamemode/player.lua:479: '=' expected near 'continue'
  1. unknown - gamemodes/base/gamemode/init.lua:3


[atlaschat] addons/atlaschat/lua/atlaschat/sh_utilities.lua:1469: attempt to call global 'Color' (a nil value)
  1. unknown - addons/atlaschat/lua/atlaschat/sh_utilities.lua:1469
   2. include - [C]:-1
    3. unknown - addons/atlaschat/lua/atlaschat/init.lua:25
     4. include - [C]:-1
      5. unknown - addons/atlaschat/lua/autorun/atlaschat_load.lua:16


[atlaschat] addons/atlaschat/lua/atlaschat/sh_config.lua:10: attempt to call field 'Read' (a nil value)
  1. unknown - addons/atlaschat/lua/atlaschat/sh_config.lua:10
   2. include - [C]:-1
    3. unknown - addons/atlaschat/lua/atlaschat/init.lua:26
     4. include - [C]:-1
      5. unknown - addons/atlaschat/lua/autorun/atlaschat_load.lua:16

nilAtlas chat version 2.4.3 has loaded!

[ERROR] lua/autorun/base_npcs.lua:6: attempt to index global 'list' (a nil value)
  1. AddNPC - lua/autorun/base_npcs.lua:6
   2. unknown - lua/autorun/base_npcs.lua:13


[ERROR] lua/autorun/base_vehicles.lua:6: attempt to index global 'list' (a nil value)
  1. AddVehicle - lua/autorun/base_vehicles.lua:6
   2. unknown - lua/autorun/base_vehicles.lua:11

Initializing Darkrp Bodygroups Manager
Loading Arizard's bodyGroupr

[bodygroupr-master] addons/bodygroupr-master/lua/bodyman/bodyman_server_hooks.lua:148: attempt to call field 'Read' (a nil value)
  1. LoadData - addons/bodygroupr-master/lua/bodyman/bodyman_server_hooks.lua:148
   2. unknown - addons/bodygroupr-master/lua/bodyman/bodyman_server_hooks.lua:150
    3. include - [C]:-1
     4. unknown - addons/bodygroupr-master/lua/autorun/bodyman_init.lua:7


[bricks-credit-store] addons/bricks-credit-store/lua/brickscreditstore_luaconfig.lua:15: attempt to call global 'Color' (a nil value)
  1. unknown - addons/bricks-credit-store/lua/brickscreditstore_luaconfig.lua:15
   2. include - [C]:-1
    3. unknown - addons/bricks-credit-store/lua/autorun/brickscreditstore_autorun.lua:13

[BRICKSCREDITSTORE] SHARED bcredits_data.lua loaded
[BRICKSCREDITSTORE] SHARED bcredits_locker_data.lua loaded
[BRICKSCREDITSTORE] SHARED bcredits_shared.lua loaded
[BRICKSCREDITSTORE] SHARED bcredits_types.lua loaded
[BRICKSCREDITSTORE] CLIENT bcredits_client.lua loaded
[BRICKSCREDITSTORE] CLIENT bshadows.lua loaded

[bricks-credit-store] addons/bricks-credit-store/lua/brickscreditstore/server/bcredits_administration.lua:18: '=' expected near 'continue'
  1. unknown - addons/bricks-credit-store/lua/autorun/brickscreditstore_autorun.lua:49

[BRICKSCREDITSTORE] SERVER bcredits_administration.lua loaded
Physgun Utils not detected. This addon will only run on Physgun servers. If you think this is a error, please contact support.[BRICKSCREDITSTORE] SERVER bcredits_server.lua loaded
[BRICKSCREDITSTORE] SERVER bcredits_sql.lua loaded

[atlas-server-content] addons/atlas-server-content/lua/autorun/chimeradeathtroopers.lua:2: attempt to index global 'list' (a nil value)
  1. unknown - addons/atlas-server-content/lua/autorun/chimeradeathtroopers.lua:2

 ______ __  __ ______ _   _ _    _ 
|  ____|  \/  |  ____| \ | | |  | |
| |__  | \  / | |__  |  \| | |  | |
|  __| | |\/| |  __| | . ` | |  | |
| |____| |  | | |____| |\  | |__| |
|______|_|  |_|______|_| \_|\____/ 
_____________________________________

• Resource added: resource/fonts/amsterdam.ttf
• emenu/config/econfig.lua
• emenu/config/elangs.lua
• emenu/core/eutils.lua
• emenu/core/efonts.lua
• emenu/core/eserver.lua
• emenu/vgui/e_avatar.lua
• emenu/vgui/e_background.lua
• emenu/vgui/e_combolist.lua
• emenu/vgui/e_context.lua
• emenu/vgui/e_dvscrollbar.lua
• emenu/vgui/e_scrollpanel.lua
• emenu/vgui/e_window.lua
• emenu/core/ewinmanager.lua
• emenu/core/emenu.lua
• emenu/core/tabs/jobs.lua
• emenu/core/tabs/quickbuttons.lua
• emenu/core/tabs/shop.lua

LOADING FINISHED
_____________________________________

[atlas-server-content] addons/atlas-server-content/lua/autorun/emperorpalpatine.lua:7: attempt to index global 'list' (a nil value)
  1. unknown - addons/atlas-server-content/lua/autorun/emperorpalpatine.lua:7


[atlas-server-content] addons/atlas-server-content/lua/autorun/flametrooper1.lua:2: attempt to index global 'list' (a nil value)
  1. unknown - addons/atlas-server-content/lua/autorun/flametrooper1.lua:2


[atlas-server-content] addons/atlas-server-content/lua/autorun/friendly_heros_villans_npc.lua:12: attempt to index global 'list' (a nil value)
  1. unknown - addons/atlas-server-content/lua/autorun/friendly_heros_villans_npc.lua:12


[ERROR] lua/autorun/game_hl2.lua:6: attempt to index global 'list' (a nil value)
  1. ADD_ITEM - lua/autorun/game_hl2.lua:6
   2. unknown - lua/autorun/game_hl2.lua:21


[atlas-server-content] bad argument #3 to 'Add' (function expected, got nil)
  1. Add - lua/includes/modules/hook.lua:31
   2. unknown - addons/atlas-server-content/lua/autorun/hb_help.lua:16

HBOMBS Base Pack and HBOMBS Materials Pack belong to Business Cat.
HBOMBS Expansion is a addon adding to the current bombs HBOMBS includes.
Sqoosh is not the creator of HBOMBS and does not intend to claim any work done by Business Cat.

[atlas-server-content] addons/atlas-server-content/lua/autorun/hostile_heros_villans_npc.lua:12: attempt to index global 'list' (a nil value)
  1. unknown - addons/atlas-server-content/lua/autorun/hostile_heros_villans_npc.lua:12


[atlas-server-content] addons/atlas-server-content/lua/autorun/kingpommes_droid_playermodels.lua:5: attempt to index global 'list' (a nil value)
  1. unknown - addons/atlas-server-content/lua/autorun/kingpommes_droid_playermodels.lua:5


[rogue-scoreboard] addons/rogue-scoreboard/lua/roguescoreboard/configuration.lua:74: attempt to call global 'Color' (a nil value)
  1. unknown - addons/rogue-scoreboard/lua/roguescoreboard/configuration.lua:74
   2. unknown - [C]:-1
    3. unknown - addons/rogue-scoreboard/lua/autorun/loadroguesb.lua:6
     4. unknown - addons/rogue-scoreboard/lua/autorun/loadroguesb.lua:6
      5. v15 - addons/rogue-scoreboard/lua/autorun/loadroguesb.lua:6
       6. unknown - addons/rogue-scoreboard/lua/autorun/loadroguesb.lua:6

rogue-scoreboard - loading

[atlas-server-content] addons/atlas-server-content/lua/autorun/ninth_sister1.lua:2: attempt to index global 'list' (a nil value)
  1. unknown - addons/atlas-server-content/lua/autorun/ninth_sister1.lua:2


[atlas-server-content] addons/atlas-server-content/lua/autorun/npc_dualdc17_weapon.lua:1: attempt to index global 'list' (a nil value)
  1. unknown - addons/atlas-server-content/lua/autorun/npc_dualdc17_weapon.lua:1

physgun_sh - hello world!

[atlas-server-content] addons/atlas-server-content/lua/autorun/pilot+crewman.lua:2: attempt to index global 'list' (a nil value)
  1. unknown - addons/atlas-server-content/lua/autorun/pilot+crewman.lua:2


[atlas-server-content] addons/atlas-server-content/lua/autorun/praetorian.lua:2: attempt to index global 'list' (a nil value)
  1. unknown - addons/atlas-server-content/lua/autorun/praetorian.lua:2


[ERROR] lua/autorun/properties/bone_manipulate.lua:4: attempt to index global 'properties' (a nil value)
  1. unknown - lua/autorun/properties/bone_manipulate.lua:4
   2. include - [C]:-1
    3. unknown - lua/autorun/properties.lua:2


[ERROR] lua/autorun/properties/remove.lua:4: attempt to index global 'properties' (a nil value)
  1. unknown - lua/autorun/properties/remove.lua:4
   2. include - [C]:-1
    3. unknown - lua/autorun/properties.lua:3


[ERROR] lua/autorun/properties/statue.lua:32: '=' expected near 'continue'
  1. unknown - lua/autorun/properties.lua:4


[ERROR] lua/autorun/properties/keep_upright.lua:4: attempt to index global 'properties' (a nil value)
  1. unknown - lua/autorun/properties/keep_upright.lua:4
   2. include - [C]:-1
    3. unknown - lua/autorun/properties.lua:5


[ERROR] lua/autorun/properties/persist.lua:4: attempt to index global 'properties' (a nil value)
  1. unknown - lua/autorun/properties/persist.lua:4
   2. include - [C]:-1
    3. unknown - lua/autorun/properties.lua:6


[ERROR] lua/autorun/properties/drive.lua:4: attempt to index global 'properties' (a nil value)
  1. unknown - lua/autorun/properties/drive.lua:4
   2. include - [C]:-1
    3. unknown - lua/autorun/properties.lua:7


[ERROR] lua/autorun/properties/ignite.lua:17: attempt to index global 'properties' (a nil value)
  1. unknown - lua/autorun/properties/ignite.lua:17
   2. include - [C]:-1
    3. unknown - lua/autorun/properties.lua:8


[ERROR] lua/autorun/properties/collisions.lua:4: attempt to index global 'properties' (a nil value)
  1. unknown - lua/autorun/properties/collisions.lua:4
   2. include - [C]:-1
    3. unknown - lua/autorun/properties.lua:9


[ERROR] lua/autorun/properties/gravity.lua:23: attempt to index global 'duplicator' (a nil value)
  1. unknown - lua/autorun/properties/gravity.lua:23
   2. include - [C]:-1
    3. unknown - lua/autorun/properties.lua:10


[ERROR] lua/autorun/properties/npc_scale.lua:4: attempt to index global 'properties' (a nil value)
  1. unknown - lua/autorun/properties/npc_scale.lua:4
   2. include - [C]:-1
    3. unknown - lua/autorun/properties.lua:11


[ERROR] lua/autorun/properties/editentity.lua:4: attempt to index global 'properties' (a nil value)
  1. unknown - lua/autorun/properties/editentity.lua:4
   2. include - [C]:-1
    3. unknown - lua/autorun/properties.lua:12


[ERROR] lua/autorun/properties/kinect_controller.lua:13: attempt to index global 'properties' (a nil value)
  1. unknown - lua/autorun/properties/kinect_controller.lua:13
   2. include - [C]:-1
    3. unknown - lua/autorun/properties.lua:13


[ERROR] lua/autorun/properties/bodygroups.lua:52: '=' expected near 'continue'
  1. unknown - lua/autorun/properties.lua:14


[ERROR] lua/autorun/properties/skin.lua:4: attempt to index global 'properties' (a nil value)
  1. unknown - lua/autorun/properties/skin.lua:4
   2. include - [C]:-1
    3. unknown - lua/autorun/properties.lua:15

Physgun Utils not detected. This addon will only run on Physgun servers. If you think this is a error, please contact support.
[atlas-server-content] addons/atlas-server-content/lua/autorun/republic_commando_omega_pm.lua:1: attempt to index global 'list' (a nil value)
  1. unknown - addons/atlas-server-content/lua/autorun/republic_commando_omega_pm.lua:1


[sam-149] addons/sam-149/lua/autorun/sam.lua:16: attempt to call global 'Color' (a nil value)
  1. print - addons/sam-149/lua/autorun/sam.lua:16
   2. unknown - addons/sam-149/lua/autorun/sam.lua:56


[atlas-server-content] addons/atlas-server-content/lua/autorun/scifi_playermodels.lua:9: attempt to index global 'list' (a nil value)
  1. unknown - addons/atlas-server-content/lua/autorun/scifi_playermodels.lua:9


[dwep] addons/dwep/lua/autorun/sh_dwep_config.lua:5: attempt to call global 'Color' (a nil value)
  1. unknown - addons/dwep/lua/autorun/sh_dwep_config.lua:5


[edgehud] addons/edgehud/lua/edgehud/sh_configuration.lua:220: attempt to call field 'GetKeys' (a nil value)
  1. unknown - addons/edgehud/lua/edgehud/sh_configuration.lua:220
   2. include - [C]:-1
    3. unknown - addons/edgehud/lua/autorun/sh_edgehud_loader.lua:202


[edgehud] addons/edgehud/lua/edgehud/sv_dooroffsets.lua:103: '=' expected near 'continue'
  1. unknown - addons/edgehud/lua/autorun/sh_edgehud_loader.lua:203


[cuffs] addons/cuffs/lua/autorun/sh_handcuffs.lua:354: '=' expected near 'continue'


[advanced-medic-mod] addons/advanced-medic-mod/lua/autorun/sh_medicmod_loader.lua:1: attempt to call global 'Color' (a nil value)
  1. unknown - addons/advanced-medic-mod/lua/autorun/sh_medicmod_loader.lua:1


[atlas-server-content] addons/atlas-server-content/lua/autorun/sh_witcherdoorutil.lua:123: attempt to index global 'properties' (a nil value)
  1. unknown - addons/atlas-server-content/lua/autorun/sh_witcherdoorutil.lua:123


[atlas-server-content] addons/atlas-server-content/lua/autorun/starwars_npc_weapons_roguex100.lua:1: attempt to index global 'list' (a nil value)
  1. unknown - addons/atlas-server-content/lua/autorun/starwars_npc_weapons_roguex100.lua:1


[atlas-server-content] addons/atlas-server-content/lua/autorun/starwars_sweps_autorun.lua:3: attempt to call field 'AddAmmoType' (a nil value)
  1. AddAmmoType - addons/atlas-server-content/lua/autorun/starwars_sweps_autorun.lua:3
   2. unknown - addons/atlas-server-content/lua/autorun/starwars_sweps_autorun.lua:17


[atlas-server-content] addons/atlas-server-content/lua/autorun/stormtrooperjanitors.lua:2: attempt to index global 'list' (a nil value)
  1. unknown - addons/atlas-server-content/lua/autorun/stormtrooperjanitors.lua:2


[atlas-server-content] addons/atlas-server-content/lua/autorun/strasser_armytroopers_new.lua:1: attempt to index global 'list' (a nil value)
  1. unknown - addons/atlas-server-content/lua/autorun/strasser_armytroopers_new.lua:1


[cuffs] addons/cuffs/lua/autorun/sv_handcuffs.lua:246: '=' expected near 'continue'


[atlas-server-content] addons/atlas-server-content/lua/autorun/sw_npcs_starwars_death_troopers_752.lua:10: attempt to index global 'list' (a nil value)
  1. unknown - addons/atlas-server-content/lua/autorun/sw_npcs_starwars_death_troopers_752.lua:10


[atlas-server-content] addons/atlas-server-content/lua/autorun/sw_playermodels_starwars_death_troopers_752.lua:4: attempt to index global 'list' (a nil value)
  1. unknown - addons/atlas-server-content/lua/autorun/sw_playermodels_starwars_death_troopers_752.lua:4


[atlas-server-content] addons/atlas-server-content/lua/autorun/swbf_krennic.lua:1: attempt to index global 'list' (a nil value)
  1. unknown - addons/atlas-server-content/lua/autorun/swbf_krennic.lua:1


[atlas-server-content] addons/atlas-server-content/lua/autorun/swbf_krennic_npc.lua:14: attempt to index global 'list' (a nil value)
  1. unknown - addons/atlas-server-content/lua/autorun/swbf_krennic_npc.lua:14


[atlas-server-content] addons/atlas-server-content/lua/autorun/swbf_rebel_trooper_linnea.lua:1: attempt to index global 'list' (a nil value)
  1. unknown - addons/atlas-server-content/lua/autorun/swbf_rebel_trooper_linnea.lua:1


[atlas-server-content] addons/atlas-server-content/lua/autorun/swbf_rebel_trooper_linnea_npc.lua:14: attempt to index global 'list' (a nil value)
  1. unknown - addons/atlas-server-content/lua/autorun/swbf_rebel_trooper_linnea_npc.lua:14


[atlas-server-content] addons/atlas-server-content/lua/autorun/swbf_rebel_trooper_roger.lua:1: attempt to index global 'list' (a nil value)
  1. unknown - addons/atlas-server-content/lua/autorun/swbf_rebel_trooper_roger.lua:1


[atlas-server-content] addons/atlas-server-content/lua/autorun/swbf_rebel_trooper_roger_npc.lua:14: attempt to index global 'list' (a nil value)
  1. unknown - addons/atlas-server-content/lua/autorun/swbf_rebel_trooper_roger_npc.lua:14


[atlas-server-content] addons/atlas-server-content/lua/autorun/sypha_vehicles.lua:25: attempt to index global 'list' (a nil value)
  1. unknown - addons/atlas-server-content/lua/autorun/sypha_vehicles.lua:25


[atlas-server-content] addons/atlas-server-content/lua/autorun/tenarshaddaaarmourpack.lua:2: attempt to index global 'list' (a nil value)
  1. unknown - addons/atlas-server-content/lua/autorun/tenarshaddaaarmourpack.lua:2


[atlas-server-content] addons/atlas-server-content/lua/autorun/thrawnsfleet.lua:3: attempt to index global 'list' (a nil value)
  1. AddPlayerModel - addons/atlas-server-content/lua/autorun/thrawnsfleet.lua:3
   2. unknown - addons/atlas-server-content/lua/autorun/thrawnsfleet.lua:9

///////////////////////////////
//      Ulysses Library      //
///////////////////////////////
// Loading...                //
//  shared/defines.lua       //

[ulib] addons/ulib/lua/ulib/shared/defines.lua:20: attempt to call global 'Color' (a nil value)
  1. unknown - addons/ulib/lua/ulib/shared/defines.lua:20
   2. include - [C]:-1
    3. unknown - addons/ulib/lua/ulib/init.lua:15
     4. include - [C]:-1
      5. unknown - addons/ulib/lua/autorun/ulib_init.lua:3

//  shared/misc.lua          //
//  shared/util.lua          //
//  shared/hook.lua          //
//  shared/table.lua         //
//  shared/player.lua        //
//  server/player.lua        //
//  server/bans.lua          //
//  shared/messages.lua      //
//  shared/commands.lua      //

[ulib] addons/ulib/lua/ulib/shared/misc.lua:908: attempt to call field 'Copy' (a nil value)
  1. inheritsFrom - addons/ulib/lua/ulib/shared/misc.lua:908
   2. unknown - addons/ulib/lua/ulib/shared/commands.lua:71
    3. include - [C]:-1
     4. unknown - addons/ulib/lua/ulib/init.lua:33
      5. include - [C]:-1
       6. unknown - addons/ulib/lua/autorun/ulib_init.lua:3

//  server/concommand.lua    //
//  server/util.lua          //
//  shared/sh_ucl.lua        //
//  server/ucl.lua           //

[ulib] addons/ulib/lua/ulib/shared/util.lua:56: bad argument #1 to 'fileExists' (string expected, got nil)
  1. fileExists - [C]:-1
   2. fileRead - addons/ulib/lua/ulib/shared/util.lua:56
    3. unknown - addons/ulib/lua/ulib/server/ucl.lua:83
     4. include - [C]:-1
      5. unknown - addons/ulib/lua/ulib/init.lua:41
       6. include - [C]:-1
        7. unknown - addons/ulib/lua/autorun/ulib_init.lua:3

//  server/phys.lua          //
//  server/player_ext.lua    //
//  server/entity_ext.lua    //
//  shared/plugin.lua        //

[ulib] addons/ulib/lua/ulib/shared/util.lua:74: attempt to call field 'Read' (a nil value)
  1. fileRead - addons/ulib/lua/ulib/shared/util.lua:74
   2. unknown - addons/ulib/lua/ulib/shared/plugin.lua:85
    3. include - [C]:-1
     4. unknown - addons/ulib/lua/ulib/init.lua:49
      5. include - [C]:-1
       6. unknown - addons/ulib/lua/autorun/ulib_init.lua:3

//  shared/cami_global.lua   //
//  shared/cami_ulib.lua     //
// Load Complete!            //
///////////////////////////////
[ULIB] Loading SHARED module: ulx_init.lua
///////////////////////////////
//       ULX Admin Mod       //
///////////////////////////////
// Loading...                //
//  sh_defines.lua           //
//  lib.lua                  //
//  base.lua                 //
//  sh_base.lua              //

[ulib] addons/ulib/lua/ulib/shared/util.lua:74: attempt to call field 'Read' (a nil value)
  1. fileRead - addons/ulib/lua/ulib/shared/util.lua:74
   2. unknown - addons/ulx/lua/ulx/sh_base.lua:9
    3. include - [C]:-1
     4. unknown - addons/ulx/lua/ulx/init.lua:23
      5. include - [C]:-1
       6. unknown - addons/ulx/lua/ulib/modules/ulx_init.lua:2
        7. include - [C]:-1
         8. unknown - addons/ulib/lua/ulib/init.lua:76
          9. include - [C]:-1
           10. unknown - addons/ulib/lua/autorun/ulib_init.lua:3

//  log.lua                  //

[ulx] addons/ulx/lua/ulx/base.lua:24: attempt to call field 'registerAccess' (a nil value)
  1. convar - addons/ulx/lua/ulx/base.lua:24
   2. unknown - addons/ulx/lua/ulx/log.lua:1
    3. include - [C]:-1
     4. unknown - addons/ulx/lua/ulx/init.lua:25
      5. include - [C]:-1
       6. unknown - addons/ulx/lua/ulib/modules/ulx_init.lua:2
        7. include - [C]:-1
         8. unknown - addons/ulib/lua/ulib/init.lua:76
          9. include - [C]:-1
           10. unknown - addons/ulib/lua/autorun/ulib_init.lua:3

//  MODULE: slots.lua        //

[ulx] addons/ulx/lua/ulx/base.lua:24: attempt to call field 'registerAccess' (a nil value)
  1. convar - addons/ulx/lua/ulx/base.lua:24
   2. unknown - addons/ulx/lua/ulx/modules/slots.lua:1
    3. include - [C]:-1
     4. unknown - addons/ulx/lua/ulx/init.lua:29
      5. include - [C]:-1
       6. unknown - addons/ulx/lua/ulib/modules/ulx_init.lua:2
        7. include - [C]:-1
         8. unknown - addons/ulib/lua/ulib/init.lua:76
          9. include - [C]:-1
           10. unknown - addons/ulib/lua/autorun/ulib_init.lua:3

//  MODULE: uteam.lua        //
//  MODULE: votemap.lua      //

[ulx] addons/ulx/lua/ulx/base.lua:24: attempt to call field 'registerAccess' (a nil value)
  1. convar - addons/ulx/lua/ulx/base.lua:24
   2. unknown - addons/ulx/lua/ulx/modules/votemap.lua:34
    3. include - [C]:-1
     4. unknown - addons/ulx/lua/ulx/init.lua:29
      5. include - [C]:-1
       6. unknown - addons/ulx/lua/ulib/modules/ulx_init.lua:2
        7. include - [C]:-1
         8. unknown - addons/ulib/lua/ulib/init.lua:76
          9. include - [C]:-1
           10. unknown - addons/ulib/lua/autorun/ulib_init.lua:3

//  MODULE: xgui_server.lua  //
///////////////////////////////
// ULX GUI -- by Stickly Man //
///////////////////////////////
// Adding Main Modules..     //
//  bans.lua                 //
//  commands.lua             //
//  groups.lua               //
//  maps.lua                 //
//  settings.lua             //
// Adding Setting Modules..  //
//  client.lua               //
//  server.lua               //
// Adding Gamemode Modules.. //
//  sandbox.lua              //
// Loading Server Modules..  //
//  sv_bans.lua              //
//  sv_groups.lua            //
//  sv_maps.lua              //
//  sv_sandbox.lua           //
//  sv_settings.lua          //
// XGUI modules added!       //
///////////////////////////////
//  MODULE: chat.lua         //

[ulx] addons/ulx/lua/ulx/modules/sh/chat.lua:13: attempt to call field 'command' (a nil value)
  1. unknown - addons/ulx/lua/ulx/modules/sh/chat.lua:13
   2. include - [C]:-1
    3. unknown - addons/ulx/lua/ulx/init.lua:34
     4. include - [C]:-1
      5. unknown - addons/ulx/lua/ulib/modules/ulx_init.lua:2
       6. include - [C]:-1
        7. unknown - addons/ulib/lua/ulib/init.lua:76
         8. include - [C]:-1
          9. unknown - addons/ulib/lua/autorun/ulib_init.lua:3

//  MODULE: fun.lua          //

[ulx] addons/ulx/lua/ulx/modules/sh/fun.lua:20: attempt to call field 'command' (a nil value)
  1. unknown - addons/ulx/lua/ulx/modules/sh/fun.lua:20
   2. include - [C]:-1
    3. unknown - addons/ulx/lua/ulx/init.lua:34
     4. include - [C]:-1
      5. unknown - addons/ulx/lua/ulib/modules/ulx_init.lua:2
       6. include - [C]:-1
        7. unknown - addons/ulib/lua/ulib/init.lua:76
         8. include - [C]:-1
          9. unknown - addons/ulib/lua/autorun/ulib_init.lua:3

//  MODULE: menus.lua        //

[ulx] addons/ulx/lua/ulx/modules/sh/menus.lua:64: attempt to call field 'command' (a nil value)
  1. unknown - addons/ulx/lua/ulx/modules/sh/menus.lua:64
   2. include - [C]:-1
    3. unknown - addons/ulx/lua/ulx/init.lua:34
     4. include - [C]:-1
      5. unknown - addons/ulx/lua/ulib/modules/ulx_init.lua:2
       6. include - [C]:-1
        7. unknown - addons/ulib/lua/ulib/init.lua:76
         8. include - [C]:-1
          9. unknown - addons/ulib/lua/autorun/ulib_init.lua:3

//  MODULE: rcon.lua         //

[ulx] addons/ulx/lua/ulx/modules/sh/rcon.lua:9: attempt to call field 'command' (a nil value)
  1. unknown - addons/ulx/lua/ulx/modules/sh/rcon.lua:9
   2. include - [C]:-1
    3. unknown - addons/ulx/lua/ulx/init.lua:34
     4. include - [C]:-1
      5. unknown - addons/ulx/lua/ulib/modules/ulx_init.lua:2
       6. include - [C]:-1
        7. unknown - addons/ulib/lua/ulib/init.lua:76
         8. include - [C]:-1
          9. unknown - addons/ulib/lua/autorun/ulib_init.lua:3

//  MODULE: teleport.lua     //

[ulx] addons/ulx/lua/ulx/modules/sh/teleport.lua:164: attempt to call field 'command' (a nil value)
  1. unknown - addons/ulx/lua/ulx/modules/sh/teleport.lua:164
   2. include - [C]:-1
    3. unknown - addons/ulx/lua/ulx/init.lua:34
     4. include - [C]:-1
      5. unknown - addons/ulx/lua/ulib/modules/ulx_init.lua:2
       6. include - [C]:-1
        7. unknown - addons/ulib/lua/ulib/init.lua:76
         8. include - [C]:-1
          9. unknown - addons/ulib/lua/autorun/ulib_init.lua:3

//  MODULE: user.lua         //

[ulx] addons/ulx/lua/ulx/modules/sh/user.lua:27: attempt to call field 'Empty' (a nil value)
  1. updateNames - addons/ulx/lua/ulx/modules/sh/user.lua:27
   2. unknown - addons/ulx/lua/ulx/modules/sh/user.lua:38
    3. include - [C]:-1
     4. unknown - addons/ulx/lua/ulx/init.lua:34
      5. include - [C]:-1
       6. unknown - addons/ulx/lua/ulib/modules/ulx_init.lua:2
        7. include - [C]:-1
         8. unknown - addons/ulib/lua/ulib/init.lua:76
          9. include - [C]:-1
           10. unknown - addons/ulib/lua/autorun/ulib_init.lua:3

//  MODULE: userhelp.lua     //
//  MODULE: util.lua         //

[ulx] addons/ulx/lua/ulx/modules/sh/util.lua:32: attempt to call field 'command' (a nil value)
  1. unknown - addons/ulx/lua/ulx/modules/sh/util.lua:32
   2. include - [C]:-1
    3. unknown - addons/ulx/lua/ulx/init.lua:34
     4. include - [C]:-1
      5. unknown - addons/ulx/lua/ulib/modules/ulx_init.lua:2
       6. include - [C]:-1
        7. unknown - addons/ulib/lua/ulib/init.lua:76
         8. include - [C]:-1
          9. unknown - addons/ulib/lua/autorun/ulib_init.lua:3

//  MODULE: vote.lua         //

[ulx] addons/ulx/lua/ulx/base.lua:24: attempt to call field 'registerAccess' (a nil value)
  1. convar - addons/ulx/lua/ulx/base.lua:24
   2. unknown - addons/ulx/lua/ulx/modules/sh/vote.lua:6
    3. include - [C]:-1
     4. unknown - addons/ulx/lua/ulx/init.lua:34
      5. include - [C]:-1
       6. unknown - addons/ulx/lua/ulib/modules/ulx_init.lua:2
        7. include - [C]:-1
         8. unknown - addons/ulib/lua/ulib/init.lua:76
          9. include - [C]:-1
           10. unknown - addons/ulib/lua/autorun/ulib_init.lua:3

//  end.lua                  //
// Load Complete!            //
///////////////////////////////

[ERROR] lua/autorun/utilities_menu.lua:125: '=' expected near 'continue'


[gmodadminsuite-jobwhitelist-1.3.3] addons/gmodadminsuite-jobwhitelist-1.3.3/lua/autorun/server/gas_jobwhitelist_darkrp_load.lua:17: attempt to index global 'GAS' (a nil value)
  1. unknown - addons/gmodadminsuite-jobwhitelist-1.3.3/lua/autorun/server/gas_jobwhitelist_darkrp_load.lua:17


[dwep] addons/dwep/lua/autorun/sh_dwep_config.lua:5: attempt to call global 'Color' (a nil value)
  1. unknown - addons/dwep/lua/autorun/sh_dwep_config.lua:5
   2. include - [C]:-1
    3. unknown - addons/dwep/lua/autorun/server/sv_dwep.lua:3


[atlas-server-content] addons/atlas-server-content/lua/autorun/server/sv_ewa.lua:562: attempt to call field 'Copy' (a nil value)
  1. unknown - addons/atlas-server-content/lua/autorun/server/sv_ewa.lua:562

---------------------------------
| Loading ServerSide PermaProps |
---------------------------------

[permaprops-master] addons/permaprops-master/lua/permaprops/sv_lib.lua:152: '=' expected near 'continue'
  1. unknown - addons/permaprops-master/lua/autorun/server/sv_permaload.lua:18

permaprops/sv_lib.lua

[permaprops-master] addons/permaprops-master/lua/permaprops/sv_menu.lua:26: '=' expected near 'continue'
  1. unknown - addons/permaprops-master/lua/autorun/server/sv_permaload.lua:18

permaprops/sv_menu.lua
permaprops/sv_permissions.lua

[permaprops-master] addons/permaprops-master/lua/permaprops/sv_specialfcn.lua:75: '=' expected near 'continue'
  1. unknown - addons/permaprops-master/lua/autorun/server/sv_permaload.lua:18

permaprops/sv_specialfcn.lua
permaprops/sv_sql.lua
-----------------------------
| Loading Shared PermaProps |
-----------------------------
---------------------------------
| Loading ClientSide PermaProps |
---------------------------------
permaprops/cl_drawent.lua
permaprops/cl_menu.lua
-------------------------------

[xeon-drm-dll] addons/xeon-drm-dll/lua/autorun/server/xeon-drm-dll.lua:216: attempt to call global 'Color' (a nil value)
  1. unknown - addons/xeon-drm-dll/lua/autorun/server/xeon-drm-dll.lua:216


[ERROR] lua/autorun/server/sensorbones/css.lua:122: attempt to index global 'list' (a nil value)
  1. unknown - lua/autorun/server/sensorbones/css.lua:122


[ERROR] lua/autorun/server/sensorbones/eli.lua:104: attempt to index global 'list' (a nil value)
  1. unknown - lua/autorun/server/sensorbones/eli.lua:104


[ERROR] lua/autorun/server/sensorbones/tf2_engineer.lua:167: attempt to index global 'list' (a nil value)
  1. unknown - lua/autorun/server/sensorbones/tf2_engineer.lua:167


[ERROR] lua/autorun/server/sensorbones/tf2_heavy.lua:150: attempt to index global 'list' (a nil value)
  1. unknown - lua/autorun/server/sensorbones/tf2_heavy.lua:150


[ERROR] lua/autorun/server/sensorbones/tf2_medic.lua:148: attempt to index global 'list' (a nil value)
  1. unknown - lua/autorun/server/sensorbones/tf2_medic.lua:148


[ERROR] lua/autorun/server/sensorbones/tf2_pyro_demo.lua:150: attempt to index global 'list' (a nil value)
  1. unknown - lua/autorun/server/sensorbones/tf2_pyro_demo.lua:150


[ERROR] lua/autorun/server/sensorbones/tf2_scout.lua:153: attempt to index global 'list' (a nil value)
  1. unknown - lua/autorun/server/sensorbones/tf2_scout.lua:153


[ERROR] lua/autorun/server/sensorbones/tf2_sniper.lua:162: attempt to index global 'list' (a nil value)
  1. unknown - lua/autorun/server/sensorbones/tf2_sniper.lua:162


[ERROR] lua/autorun/server/sensorbones/tf2_spy_solider.lua:155: attempt to index global 'list' (a nil value)
  1. unknown - lua/autorun/server/sensorbones/tf2_spy_solider.lua:155


[ERROR] lua/autorun/server/sensorbones/valvebiped.lua:107: attempt to index global 'list' (a nil value)
  1. unknown - lua/autorun/server/sensorbones/valvebiped.lua:107


[ERROR] gamemodes/sandbox/gamemode/persistence.lua:62: attempt to index global 'cvars' (a nil value)
  1. unknown - gamemodes/sandbox/gamemode/persistence.lua:62
   2. include - [C]:-1
    3. unknown - gamemodes/sandbox/gamemode/shared.lua:10
     4. include - [C]:-1
      5. unknown - gamemodes/sandbox/gamemode/init.lua:23


[ERROR] lua/drive/drive_sandbox.lua:13: attempt to index global 'drive' (a nil value)
  1. unknown - lua/drive/drive_sandbox.lua:13
   2. include - [C]:-1
    3. unknown - gamemodes/sandbox/gamemode/shared.lua:13
     4. include - [C]:-1
      5. unknown - gamemodes/sandbox/gamemode/init.lua:23


[ERROR] gamemodes/sandbox/gamemode/editor_player.lua:126: '=' expected near 'continue'
  1. unknown - gamemodes/sandbox/gamemode/shared.lua:14
   2. include - [C]:-1
    3. unknown - gamemodes/sandbox/gamemode/init.lua:23


[ERROR] gamemodes/sandbox/gamemode/shared.lua:35: attempt to index global 'cleanup' (a nil value)
  1. unknown - gamemodes/sandbox/gamemode/shared.lua:35
   2. include - [C]:-1
    3. unknown - gamemodes/sandbox/gamemode/init.lua:23


[ERROR] gamemodes/sandbox/gamemode/commands.lua:102: attempt to index global 'duplicator' (a nil value)
  1. unknown - gamemodes/sandbox/gamemode/commands.lua:102
   2. include - [C]:-1
    3. unknown - gamemodes/sandbox/gamemode/init.lua:24


[ERROR] lua/includes/modules/gamemode.lua:43: attempt to call field 'Inherit' (a nil value)
  1. unknown - lua/includes/modules/gamemode.lua:43

GameMode 'sandbox' not found!
ConVarRef room_type doesn't point to an existing ConVar
Executing dedicated server config file server.cfg
Using map cycle file cfg/mapcycle.txt.
Attempted to create unknown entity type env_skypaint!
Initializing Steam libraries for secure Internet server
No account token specified; logging into anonymous game server account.  (Use sv_setsteamaccount to login to a persistent account.)
Server ranking in server browser will be negatively impacted due to sv_setsteamaccount not being set.
Unknown command "gmod_physiterations"
'banned_ip.cfg' not present; not executing.
'banned_user.cfg' not present; not executing.
Connection to Steam servers successful.
   Public IP is 208.103.169.21.
Assigned anonymous gameserver Steam ID [A-1:2937477146(24767)].
VAC secure mode is activated.
Client "claire" connected (67.176.12.197:27005).
Lua Panic! Something went horribly wrong!

"attempt to call a number value"Lua Panic! Something went horribly wrong!

"attempt to call a number value"
