mount.cfg adding path: '/home/content/cstrike/'
mount.cfg adding path: '/home/content/tf/'
mount.cfg adding path: '/home/content/hl2/'
mount.cfg adding path: '/home/content/csgo/'
Couldn't load shader dll: game_shader_generic_garrysmod_srv.soConVarRef mat_dxlevel doesn't point to an existing ConVar
Game_srv.so loaded for "Garry's Mod"
Initializing Steam libraries for Workshop..
WS: No +host_workshop_collection or it is invalid!
Adding Filesystem Addon '/home/gmcgame/sammim/82/garrysmod/addons/_ugc_ws'
Adding Filesystem Addon '/home/gmcgame/sammim/82/garrysmod/addons/atlas-server-content'
Adding Filesystem Addon '/home/gmcgame/sammim/82/garrysmod/addons/darkrpmodification-master_gmchosting'
Adding Filesystem Addon '/home/gmcgame/sammim/82/garrysmod/addons/gmcpanel-workshop-merged'
Adding Filesystem Addon '/home/gmcgame/sammim/82/garrysmod/addons/stacker'
Adding Filesystem Addon '/home/gmcgame/sammim/82/garrysmod/addons/ulib'
Adding Filesystem Addon '/home/gmcgame/sammim/82/garrysmod/addons/ulx'
Unknown command "cl_cmdrate"
Unknown command "cl_updaterate"
Unknown command "rate"
Usage: sv_setsteamaccount <login_token>
"host_workshop_collection" = ""
 game
Network: IP 208.103.169.21, mode MP, dedicated Yes, ports 27015 SV / 28005 CL
PREP OK

[atlas-server-content] bad argument #3 to 'Add' (function expected, got nil)
  1. Add - lua/includes/modules/hook.lua:31
   2. unknown - addons/atlas-server-content/lua/autorun/hb_help.lua:16

HBOMBS Base Pack and HBOMBS Materials Pack belong to Business Cat.
HBOMBS Expansion is a addon adding to the current bombs HBOMBS includes.
Sqoosh is not the creator of HBOMBS and does not intend to claim any work done by Business Cat.
///////////////////////////////
//      Ulysses Library      //
///////////////////////////////
// Loading...                //
//  shared/defines.lua       //
//  shared/misc.lua          //
//  shared/util.lua          //
//  shared/hook.lua          //
//  shared/table.lua         //
//  shared/player.lua        //
//  server/player.lua        //
//  server/bans.lua          //
//  shared/messages.lua      //
//  shared/commands.lua      //
//  server/concommand.lua    //
//  server/util.lua          //
//  shared/sh_ucl.lua        //
//  server/ucl.lua           //
//  server/phys.lua          //
//  server/player_ext.lua    //
//  server/entity_ext.lua    //
//  shared/plugin.lua        //
//  shared/cami_global.lua   //
//  shared/cami_ulib.lua     //
// Load Complete!            //
///////////////////////////////
[ULIB] Loading SHARED module: ulx_init.lua
///////////////////////////////
//       ULX Admin Mod       //
///////////////////////////////
// Loading...                //
//  sh_defines.lua           //
//  lib.lua                  //
//  base.lua                 //
//  sh_base.lua              //
//  log.lua                  //
//  MODULE: slots.lua        //
//  MODULE: uteam.lua        //
//  MODULE: votemap.lua      //
//  MODULE: xgui_server.lua  //
///////////////////////////////
// ULX GUI -- by Stickly Man //
///////////////////////////////
// Adding Main Modules..     //
//  bans.lua                 //
//  commands.lua             //
//  groups.lua               //
//  maps.lua                 //
//  settings.lua             //
// Adding Setting Modules..  //
//  client.lua               //
//  server.lua               //
// Adding Gamemode Modules.. //
//  sandbox.lua              //
// Loading Server Modules..  //
//  sv_bans.lua              //
//  sv_groups.lua            //
//  sv_maps.lua              //
//  sv_sandbox.lua           //
//  sv_settings.lua          //
// XGUI modules added!       //
///////////////////////////////
//  MODULE: chat.lua         //
//  MODULE: fun.lua          //
//  MODULE: menus.lua        //
//  MODULE: rcon.lua         //
//  MODULE: teleport.lua     //
//  MODULE: user.lua         //
//  MODULE: userhelp.lua     //
//  MODULE: util.lua         //
//  MODULE: vote.lua         //
//  end.lua                  //
// Load Complete!            //
///////////////////////////////
[AddCSLuaFile] Refusing to AddCSLuaFile 'weapons/health regen swep/shared.lua' (<nowhere>) because its name contains dodgy symbols
ERROR: Trying to derive weapon tfa_swsft_base from non existant SWEP tfa_gun_base!
ERROR: Trying to derive weapon tfa_swsft_base from non existant SWEP tfa_gun_base!
ERROR: Trying to derive weapon tfa_sw_bowcaster from non existant SWEP tfa_gun_base!
ERROR: Trying to derive weapon tfa_swsft_base from non existant SWEP tfa_gun_base!
ERROR: Trying to derive weapon tfa_swsft_base from non existant SWEP tfa_gun_base!
ERROR: Trying to derive weapon tfa_swsft_base from non existant SWEP tfa_gun_base!
ERROR: Trying to derive weapon tfa_e11d_sv from non existant SWEP tfa_3dscoped_base!
ERROR: Trying to derive weapon tfa_e11d from non existant SWEP tfa_3dscoped_base!
ERROR: Trying to derive weapon tfa_swsft_base from non existant SWEP tfa_gun_base!
ERROR: Trying to derive weapon weapon_ak47custom from non existant SWEP weapon_cs_base2!
ERROR: Trying to derive weapon awhg_bobs_gun_base from non existant SWEP tfa_gun_base!
ERROR: Trying to derive weapon tfa_sw_cissnip from non existant SWEP tfa_gun_base!
ERROR: Trying to derive weapon tfa_dlt19d from non existant SWEP tfa_3dscoped_base!
ERROR: Trying to derive weapon tfa_sw_cisshot from non existant SWEP tfa_gun_base!
ERROR: Trying to derive weapon tfa_sw_repshot from non existant SWEP tfa_gun_base!
ERROR: Trying to derive weapon tfa_dt29_sv from non existant SWEP tfa_3dscoped_base!
ERROR: Trying to derive weapon tfa_swsft_base from non existant SWEP tfa_gun_base!
ERROR: Trying to derive weapon tfa_swsft_base from non existant SWEP tfa_gun_base!
ERROR: Trying to derive weapon tfa_swsft_base from non existant SWEP tfa_gun_base!
ERROR: Trying to derive weapon tfa_dt29 from non existant SWEP tfa_3dscoped_base!
ERROR: Trying to derive weapon tfa_swsft_base from non existant SWEP tfa_gun_base!
ERROR: Trying to derive weapon tfa_swsft_base from non existant SWEP tfa_gun_base!
ERROR: Trying to derive weapon tfa_swsft_base from non existant SWEP tfa_gun_base!
ERROR: Trying to derive weapon tfa_swsft_base from non existant SWEP tfa_gun_base!
ERROR: Trying to derive weapon tfa_swsft_base from non existant SWEP tfa_gun_base!
ERROR: Trying to derive weapon tfa_sw_repsnip from non existant SWEP tfa_gun_base!
ERROR: Trying to derive weapon tfa_swsft_base from non existant SWEP tfa_gun_base!
ERROR: Trying to derive weapon tfa_swsft_base from non existant SWEP tfa_gun_base!
ERROR: Trying to derive weapon tfa_swsft_base from non existant SWEP tfa_gun_base!
ERROR: Trying to derive weapon tfa_swsft_base from non existant SWEP tfa_gun_base!
ERROR: Trying to derive weapon tfa_swsft_base from non existant SWEP tfa_gun_base!
ERROR: Trying to derive weapon tfa_swsft_base from non existant SWEP tfa_gun_base!
ERROR: Trying to derive weapon tfa_swsft_base from non existant SWEP tfa_gun_base!
ERROR: Trying to derive entity vanilla_explosion from non existant entity lunasflightschool_basescript!
ERROR: Trying to derive entity u-wing from non existant entity fighter_base!
ERROR: Trying to derive entity tie_striker from non existant entity fighter_base!
ERROR: Trying to derive entity krennic_shuttle from non existant entity fighter_base!
ERROR: Trying to derive entity tx225lights from non existant entity speeder_base!
ERROR: Trying to derive entity tx225normal from non existant entity speeder_base!
ERROR: Trying to derive entity cargo_shuttle from non existant entity fighter_base!
[AddCSLuaFile] Couldn't find 'effects/blue_tracer_fx/init.lua' (<nowhere>)
[AddCSLuaFile] Refusing to AddCSLuaFile 'effects/blue_tracer_fx _laat/init.lua' (<nowhere>) because its name contains dodgy symbols
ConVarRef room_type doesn't point to an existing ConVar
Executing dedicated server config file server.cfg
Using map cycle file cfg/mapcycle.txt.

|Hbombs physics module initialized!
|If you don't want this, delete the hb_physics.lua file
Initializing Steam libraries for secure Internet server
No account token specified; logging into anonymous game server account.  (Use sv_setsteamaccount to login to a persistent account.)
Server ranking in server browser will be negatively impacted due to sv_setsteamaccount not being set.
Server logging enabled.
Server logging data to file logs/L1201000.log
L 12/01/2023 - 09:31:15: Log file started (file "logs/L1201000.log") (game "/home/gmcgame/sammim/82/garrysmod") (version "9040")
L 12/01/2023 - 09:31:15: server_cvar: "sv_password" "***PROTECTED***"
Unknown command "sbox_allownpcs"
Unknown command "sbox_plpldamage"
Unknown command "sbox_playergod"
Unknown command "sbox_maxspawners"
Unknown command "sbox_maxturrets"
'banned_ip.cfg' not present; not executing.
'banned_user.cfg' not present; not executing.
Connection to Steam servers successful.
   Public IP is 208.103.169.21.
Assigned anonymous gameserver Steam ID [A-1:3429356570(24766)].
VAC secure mode is activated.
67.176.12.197:27005:  password failed.
67.176.12.197:27005:  password failed.
67.176.12.197:27005:  password failed.
67.176.12.197:27005:  password failed.
Client "claire" connected (67.176.12.197:27005).
Giving claire a tfa_e11d
ERROR: Trying to derive weapon tfa_e11d from non existant SWEP tfa_3dscoped_base!
ERROR: Trying to derive weapon tfa_e11d from non existant SWEP tfa_3dscoped_base!
Dropped claire from server (Disconnect by user.)
