Couldn't load shader dll: game_shader_generic_garrysmod_srv.soConVarRef mat_dxlevel doesn't point to an existing ConVar
Game_srv.so loaded for "Garry's Mod"
Initializing Steam libraries for Workshop..
WS: Waiting for Steam to log us in.........
WS: Fetching collection info...
Processing collection 3023459068...
   Collection 'Atlas' (287 items)
   Retrieving item details...
   286 new addon(s) + 1 new collection(s)
Processing collection 2222752768...
   Collection 'Vanguard Imperial 2023 Content' (158 items)
   Retrieving item details...
   44 new addon(s) + 1 new collection(s)
Processing collection 2729866003...
   Collection 'Server Tools' (40 items)
   Retrieving item details...
   23 new addon(s)
WS: Finished!

WS: Processing 353 addons...
Processing addon 353: NPC Tools (104486597)...
   Mounted!
Processing addon 352: Playable Piano (104548572)...
   Mounted!
Processing addon 351: Standing Pose Tool (104576786)...
   Mounted!
Processing addon 350: Extended Properties (104607712)...
   Mounted!
Processing addon 349: No Collide World [Reupload] (104634865)...
   Mounted!
Processing addon 348: PAC3 (104691717)...
   Mounted!
Processing addon 347: The Sit Anywhere Script! (108176967)...
   Mounted!
Processing addon 346: 3D2D Textscreens (109643223)...
   Mounted!
Processing addon 345: Star Wars Lightsabers (111412589)...
   Mounted!
Processing addon 344: Rp_Stardestroyer (130083907)...
   Mounted!
Processing addon 343: Smart Weld (131586620)...
   Mounted!
Processing addon 342: VJ Base (131759821)...
   Mounted!
Processing addon 341: rp_catalyst_v1 (135544186)...
   Mounted!
Processing addon 340: Rp_Kashyyyk_Jungle (169044808)...
   Mounted!
Processing addon 339: Sci-Fi Citizens v4 (173923845)...
   Mounted!
Processing addon 338: Sci-Fi Citizens Playermodels (173932955)...
   Mounted!
Processing addon 337: Emplacements (213515639)...
   Mounted!
Processing addon 336: PermaProps (220336312)...
   Mounted!
Processing addon 335: Rp_Naboo_City (225115060)...
   Mounted!
Processing addon 334: Star Wars Death Troopers (244505203)...
   Mounted!
Processing addon 333: Empty Hands Swep (245482078)...
   Mounted!
Processing addon 332: Star Wars Music Speakers (252742321)...
   Mounted!
Processing addon 331: SW Forklift Truck (264931812)...
   Mounted!
Processing addon 330: Sci-fi Props Megapack (284266415)...
   Mounted!
Processing addon 329: Star Wars Roleplay Props (414296692)...
   Mounted!
Processing addon 328: STAR WARS Emperor Palpatine Playermodel (457212613)...
   Mounted!
Processing addon 327: rp_Nar_Shaddaa_V2 (485317056)...
   Mounted!
Processing addon 326: RemoveProps (488122182)...
   Mounted!
Processing addon 325: Equipped Weapon Addon (489910704)...
   Mounted!
Processing addon 324: Roll Command (516377504)...
   Mounted!
Processing addon 323: Media Player (546392647)...
   Mounted!
Processing addon 322: Miscellaneous Star Wars Characters (NPCs, Part 1) (603880998)...
   Mounted!
Processing addon 321: Miscellaneous Star Wars Characters (NPCs, Part 2) (612389671)...
   Mounted!
Processing addon 320: Star Wars Rakghoul Infection SWEP (617610563)...
   Mounted!
Processing addon 319: Imperial Navy from Star Wars: Empire at War (638038270)...
   Mounted!
Processing addon 318: HBOMBS Base Pack (668552230)...
   Mounted!
Processing addon 317: HBOMBS Materials Pack (668558959)...
   Mounted!
Processing addon 316: No KILL Console (673359320)...
   Mounted!
Processing addon 315: Star Wars Turrets (682412506)...
   Mounted!
Processing addon 314: Star Wars Outter Rim Weapons (682603219)...
   Mounted!
Processing addon 313: Miscellaneous Star Wars Characters (NPCS, Part 3) (686671472)...
   Mounted!
Processing addon 312: [TFA] SWRP SWEP Mega-Pack (708301497)...
   Mounted!
Processing addon 311: Witcher Gates (727161410)...
   Mounted!
Processing addon 310: [PR]Star Wars Medical Sweps [Bacta Grenade, Bacta Injector, Force Heal] (727824870)...
   Mounted!
Processing addon 309: Voice Amplifier SWEP (732867617)...
   Mounted!
Processing addon 308: [ TFA Star Wars ] Extended Weapons Pack (751535102)...
   Mounted!
Processing addon 307: [wOS] Animation Extension - Base (Full Version) (757604550)...
   Mounted!
Processing addon 306: Advanced Duplicator 2 (773402917)...
   Mounted!
Processing addon 305: SW Map : Kamino (Extended) (774517123)...
   Addon needs downloading...
   Downloading [ 45% of 111.7 MB ]
   Downloading [ 46% of 111.7 MB ]
   Downloading [ 47% of 111.7 MB ]
   Downloading [ 47% of 111.7 MB ]
   Downloading [ 48% of 111.7 MB ]
   Downloading [ 49% of 111.7 MB ]
   Downloading [ 49% of 111.7 MB ]
   Downloading [ 50% of 111.7 MB ]
   Downloading [ 51% of 111.7 MB ]
   Downloading [ 52% of 111.7 MB ]
   Downloading [ 52% of 111.7 MB ]
   Downloading [ 53% of 111.7 MB ]
   Downloading [ 54% of 111.7 MB ]
   Downloading [ 54% of 111.7 MB ]
   Downloading [ 55% of 111.7 MB ]
   Downloading [ 56% of 111.7 MB ]
   Downloading [ 57% of 111.7 MB ]
   Downloading [ 58% of 111.7 MB ]
   Downloading [ 58% of 111.7 MB ]
   Downloading [ 59% of 111.7 MB ]
   Downloading [ 60% of 111.7 MB ]
   Downloading [ 61% of 111.7 MB ]
   Downloading [ 61% of 111.7 MB ]
   Downloading [ 62% of 111.7 MB ]
   Downloading [ 63% of 111.7 MB ]
   Downloading [ 64% of 111.7 MB ]
   Downloading [ 64% of 111.7 MB ]
   Downloading [ 65% of 111.7 MB ]
   Downloading [ 66% of 111.7 MB ]
   Downloading [ 67% of 111.7 MB ]
   Downloading [ 68% of 111.7 MB ]
   Downloading [ 68% of 111.7 MB ]
   Downloading [ 69% of 111.7 MB ]
   Downloading [ 70% of 111.7 MB ]
   Downloading [ 70% of 111.7 MB ]
   Downloading [ 71% of 111.7 MB ]
   Downloading [ 72% of 111.7 MB ]
   Downloading [ 72% of 111.7 MB ]
   Downloading [ 73% of 111.7 MB ]
   Downloading [ 74% of 111.7 MB ]
   Downloading [ 75% of 111.7 MB ]
   Downloading [ 75% of 111.7 MB ]
   Downloading [ 76% of 111.7 MB ]
   Downloading [ 76% of 111.7 MB ]
   Downloading [ 77% of 111.7 MB ]
   Downloading [ 78% of 111.7 MB ]
   Downloading [ 78% of 111.7 MB ]
   Downloading [ 79% of 111.7 MB ]
   Downloading [ 80% of 111.7 MB ]
   Downloading [ 81% of 111.7 MB ]
   Downloading [ 81% of 111.7 MB ]
   Downloading [ 82% of 111.7 MB ]
   Downloading [ 82% of 111.7 MB ]
   Downloading [ 83% of 111.7 MB ]
   Downloading [ 84% of 111.7 MB ]
   Downloading [ 85% of 111.7 MB ]
   Downloading [ 85% of 111.7 MB ]
   Downloading [ 86% of 111.7 MB ]
   Downloading [ 87% of 111.7 MB ]
   Downloading [ 87% of 111.7 MB ]
   Downloading [ 88% of 111.7 MB ]
   Downloading [ 89% of 111.7 MB ]
   Downloading [ 89% of 111.7 MB ]
   Downloading [ 90% of 111.7 MB ]
   Downloading [ 91% of 111.7 MB ]
   Downloading [ 92% of 111.7 MB ]
   Downloading [ 92% of 111.7 MB ]
   Downloading [ 93% of 111.7 MB ]
   Downloading [ 94% of 111.7 MB ]
   Downloading [ 95% of 111.7 MB ]
   Downloading [ 95% of 111.7 MB ]
   Downloading [ 96% of 111.7 MB ]
   Downloading [ 97% of 111.7 MB ]
   Downloading [ 98% of 111.7 MB ]
   Downloading [ 99% of 111.7 MB ]
   Downloading [ 99% of 111.7 MB ]
   Downloaded!
   Extracting...
   Mounting...
   Mounted!
Processing addon 304: The Prone Mod - wOS (775573383)...
   Addon needs downloading...
   Downloading [ 0% of 381.8 KB ]
   Downloading [ 0% of 381.8 KB ]
   Downloaded!
   Mounted!
Processing addon 303: Star Wars - Lambda Class Shuttle (817850162)...
   Addon needs downloading...
   Downloading [ 0% of 31.9 MB ]
   Downloading [ 3% of 31.9 MB ]
   Downloading [ 6% of 31.9 MB ]
   Downloading [ 8% of 31.9 MB ]
   Downloading [ 11% of 31.9 MB ]
   Downloading [ 12% of 31.9 MB ]
   Downloading [ 15% of 31.9 MB ]
   Downloading [ 18% of 31.9 MB ]
   Downloading [ 21% of 31.9 MB ]
   Downloading [ 24% of 31.9 MB ]
   Downloading [ 26% of 31.9 MB ]
   Downloading [ 29% of 31.9 MB ]
   Downloading [ 32% of 31.9 MB ]
   Downloading [ 35% of 31.9 MB ]
   Downloading [ 37% of 31.9 MB ]
   Downloading [ 40% of 31.9 MB ]
   Downloading [ 43% of 31.9 MB ]
   Downloading [ 44% of 31.9 MB ]
   Downloading [ 47% of 31.9 MB ]
   Downloading [ 50% of 31.9 MB ]
   Downloading [ 53% of 31.9 MB ]
   Downloading [ 56% of 31.9 MB ]
   Downloading [ 58% of 31.9 MB ]
   Downloading [ 61% of 31.9 MB ]
   Downloading [ 64% of 31.9 MB ]
   Downloading [ 67% of 31.9 MB ]
   Downloading [ 69% of 31.9 MB ]
   Downloading [ 72% of 31.9 MB ]
   Downloading [ 78% of 31.9 MB ]
   Downloading [ 81% of 31.9 MB ]
   Downloading [ 83% of 31.9 MB ]
   Downloading [ 86% of 31.9 MB ]
   Downloading [ 89% of 31.9 MB ]
   Downloading [ 92% of 31.9 MB ]
   Downloading [ 94% of 31.9 MB ]
   Downloading [ 97% of 31.9 MB ]
   Downloading [ 98% of 31.9 MB ]
   Downloaded!
   Extracting...
   Mounting...
   Mounted!
Processing addon 302: Rogue One - A Star Wars Vehicles Addon (823467265)...
   Addon needs downloading...
   Downloading [ 0% of 45.3 MB ]
   Downloading [ 2% of 45.3 MB ]
   Downloading [ 4% of 45.3 MB ]
   Downloading [ 6% of 45.3 MB ]
   Downloading [ 8% of 45.3 MB ]
   Downloading [ 10% of 45.3 MB ]
   Downloading [ 11% of 45.3 MB ]
   Downloading [ 13% of 45.3 MB ]
   Downloading [ 15% of 45.3 MB ]
   Downloading [ 17% of 45.3 MB ]
   Downloading [ 19% of 45.3 MB ]
   Downloading [ 21% of 45.3 MB ]
   Downloading [ 23% of 45.3 MB ]
   Downloading [ 25% of 45.3 MB ]
   Downloading [ 27% of 45.3 MB ]
   Downloading [ 29% of 45.3 MB ]
   Downloading [ 31% of 45.3 MB ]
   Downloading [ 33% of 45.3 MB ]
   Downloading [ 35% of 45.3 MB ]
   Downloading [ 37% of 45.3 MB ]
   Downloading [ 39% of 45.3 MB ]
   Downloading [ 40% of 45.3 MB ]
   Downloading [ 42% of 45.3 MB ]
   Downloading [ 44% of 45.3 MB ]
   Downloading [ 48% of 45.3 MB ]
   Downloading [ 50% of 45.3 MB ]
   Downloading [ 52% of 45.3 MB ]
   Downloading [ 54% of 45.3 MB ]
   Downloading [ 56% of 45.3 MB ]
   Downloading [ 58% of 45.3 MB ]
   Downloading [ 60% of 45.3 MB ]
   Downloading [ 61% of 45.3 MB ]
   Downloading [ 63% of 45.3 MB ]
   Downloading [ 64% of 45.3 MB ]
   Downloading [ 66% of 45.3 MB ]
   Downloading [ 69% of 45.3 MB ]
   Downloading [ 70% of 45.3 MB ]
   Downloading [ 72% of 45.3 MB ]
   Downloading [ 75% of 45.3 MB ]
   Downloading [ 77% of 45.3 MB ]
   Downloading [ 79% of 45.3 MB ]
   Downloading [ 80% of 45.3 MB ]
   Downloading [ 82% of 45.3 MB ]
   Downloading [ 84% of 45.3 MB ]
   Downloading [ 86% of 45.3 MB ]
   Downloading [ 88% of 45.3 MB ]
   Downloading [ 90% of 45.3 MB ]
   Downloading [ 91% of 45.3 MB ]
   Downloading [ 93% of 45.3 MB ]
   Downloading [ 95% of 45.3 MB ]
   Downloading [ 97% of 45.3 MB ]
   Downloading [ 99% of 45.3 MB ]
   Downloaded!
   Extracting...
   Mounting...
   Mounted!
Processing addon 301: [CodexRP] Warhammer Tanks [Includes Chimera] (825385361)...
   Addon needs downloading...
   Downloading [ 7% of 2.0 MB ]
   Downloading [ 56% of 2.0 MB ]
   Downloading [ 100% of 2.0 MB ]
   Downloaded!
   Extracting...
   Mounting...
   Mounted!
Processing addon 300: Star Wars Map - Gozanti Cruiser (842645768)...
   Addon needs downloading...
   Downloading [ 0% of 81.8 MB ]
   Downloading [ 1% of 81.8 MB ]
   Downloading [ 2% of 81.8 MB ]
   Downloading [ 3% of 81.8 MB ]
   Downloading [ 4% of 81.8 MB ]
   Downloading [ 5% of 81.8 MB ]
   Downloading [ 6% of 81.8 MB ]
   Downloading [ 7% of 81.8 MB ]
   Downloading [ 7% of 81.8 MB ]
   Downloading [ 8% of 81.8 MB ]
   Downloading [ 10% of 81.8 MB ]
   Downloading [ 11% of 81.8 MB ]
   Downloading [ 12% of 81.8 MB ]
   Downloading [ 12% of 81.8 MB ]
   Downloading [ 13% of 81.8 MB ]
   Downloading [ 14% of 81.8 MB ]
   Downloading [ 16% of 81.8 MB ]
   Downloading [ 17% of 81.8 MB ]
   Downloading [ 18% of 81.8 MB ]
   Downloading [ 19% of 81.8 MB ]
   Downloading [ 20% of 81.8 MB ]
   Downloading [ 21% of 81.8 MB ]
   Downloading [ 22% of 81.8 MB ]
   Downloading [ 24% of 81.8 MB ]
   Downloading [ 25% of 81.8 MB ]
   Downloading [ 26% of 81.8 MB ]
   Downloading [ 27% of 81.8 MB ]
   Downloading [ 28% of 81.8 MB ]
   Downloading [ 29% of 81.8 MB ]
   Downloading [ 30% of 81.8 MB ]
   Downloading [ 31% of 81.8 MB ]
   Downloading [ 33% of 81.8 MB ]
   Downloading [ 34% of 81.8 MB ]
   Downloading [ 34% of 81.8 MB ]
   Downloading [ 35% of 81.8 MB ]
   Downloading [ 36% of 81.8 MB ]
   Downloading [ 37% of 81.8 MB ]
   Downloading [ 39% of 81.8 MB ]
   Downloading [ 40% of 81.8 MB ]
   Downloading [ 41% of 81.8 MB ]
   Downloading [ 42% of 81.8 MB ]
   Downloading [ 43% of 81.8 MB ]
   Downloading [ 44% of 81.8 MB ]
   Downloading [ 45% of 81.8 MB ]
   Downloading [ 46% of 81.8 MB ]
   Downloading [ 47% of 81.8 MB ]
   Downloading [ 48% of 81.8 MB ]
   Downloading [ 50% of 81.8 MB ]
   Downloading [ 51% of 81.8 MB ]
   Downloading [ 52% of 81.8 MB ]
   Downloading [ 53% of 81.8 MB ]
   Downloading [ 54% of 81.8 MB ]
   Downloading [ 55% of 81.8 MB ]
   Downloading [ 56% of 81.8 MB ]
   Downloading [ 57% of 81.8 MB ]
   Downloading [ 58% of 81.8 MB ]
   Downloading [ 59% of 81.8 MB ]
   Downloading [ 61% of 81.8 MB ]
   Downloading [ 62% of 81.8 MB ]
   Downloading [ 63% of 81.8 MB ]
   Downloading [ 64% of 81.8 MB ]
   Downloading [ 65% of 81.8 MB ]
   Downloading [ 66% of 81.8 MB ]
   Downloading [ 66% of 81.8 MB ]
   Downloading [ 68% of 81.8 MB ]
   Downloading [ 69% of 81.8 MB ]
   Downloading [ 70% of 81.8 MB ]
   Downloading [ 71% of 81.8 MB ]
   Downloading [ 72% of 81.8 MB ]
   Downloading [ 73% of 81.8 MB ]
   Downloading [ 74% of 81.8 MB ]
   Downloading [ 76% of 81.8 MB ]
   Downloading [ 77% of 81.8 MB ]
   Downloading [ 78% of 81.8 MB ]
   Downloading [ 79% of 81.8 MB ]
   Downloading [ 80% of 81.8 MB ]
   Downloading [ 81% of 81.8 MB ]
   Downloading [ 82% of 81.8 MB ]
   Downloading [ 83% of 81.8 MB ]
   Downloading [ 84% of 81.8 MB ]
   Downloading [ 86% of 81.8 MB ]
   Downloading [ 87% of 81.8 MB ]
   Downloading [ 88% of 81.8 MB ]
   Downloading [ 89% of 81.8 MB ]
   Downloading [ 90% of 81.8 MB ]
   Downloading [ 91% of 81.8 MB ]
   Downloading [ 92% of 81.8 MB ]
