Couldn't load shader dll: game_shader_generic_garrysmod_srv.soConVarRef mat_dxlevel doesn't point to an existing ConVar
Game_srv.so loaded for "Garry's Mod"
Initializing Steam libraries for Workshop..
WS: Waiting for Steam to log us in..........
WS: Fetching collection info...
Processing collection 3023459068...
   Collection 'Atlas' (287 items)
   Retrieving item details...
   286 new addon(s) + 1 new collection(s)
Processing collection 2222752768...
   Collection 'Vanguard Imperial 2023 Content' (158 items)
   Retrieving item details...
   44 new addon(s) + 1 new collection(s)
Processing collection 2729866003...
   Collection 'Server Tools' (40 items)
   Retrieving item details...
   23 new addon(s)
WS: Finished!

WS: Processing 353 addons...
Processing addon 353: NPC Tools (104486597)...
   Mounted!
Processing addon 352: Playable Piano (104548572)...
   Mounted!
Processing addon 351: Standing Pose Tool (104576786)...
   Mounted!
Processing addon 350: Extended Properties (104607712)...
   Mounted!
Processing addon 349: No Collide World [Reupload] (104634865)...
   Mounted!
Processing addon 348: PAC3 (104691717)...
   Mounted!
Processing addon 347: The Sit Anywhere Script! (108176967)...
   Mounted!
Processing addon 346: 3D2D Textscreens (109643223)...
   Mounted!
Processing addon 345: Star Wars Lightsabers (111412589)...
   Mounted!
Processing addon 344: Rp_Stardestroyer (130083907)...
   Mounted!
Processing addon 343: Smart Weld (131586620)...
   Mounted!
Processing addon 342: VJ Base (131759821)...
   Mounted!
Processing addon 341: rp_catalyst_v1 (135544186)...
   Mounted!
Processing addon 340: Rp_Kashyyyk_Jungle (169044808)...
   Mounted!
Processing addon 339: Sci-Fi Citizens v4 (173923845)...
   Mounted!
Processing addon 338: Sci-Fi Citizens Playermodels (173932955)...
   Mounted!
Processing addon 337: Emplacements (213515639)...
   Mounted!
Processing addon 336: PermaProps (220336312)...
   Mounted!
Processing addon 335: Rp_Naboo_City (225115060)...
   Addon needs downloading...
   Downloading [ 93% of 81.2 MB ]
   Downloading [ 94% of 81.2 MB ]
   Downloading [ 95% of 81.2 MB ]
   Downloading [ 96% of 81.2 MB ]
   Downloading [ 97% of 81.2 MB ]
   Downloading [ 98% of 81.2 MB ]
   Downloading [ 99% of 81.2 MB ]
   Downloading [ 100% of 81.2 MB ]
   Downloaded!
   Extracting...
   Mounting...
   Mounted!
Processing addon 334: Star Wars Death Troopers (244505203)...
   Addon needs downloading...
   Downloading [ 0% of 8.3 MB ]
   Downloading [ 8% of 8.3 MB ]
   Downloading [ 19% of 8.3 MB ]
   Downloading [ 30% of 8.3 MB ]
   Downloading [ 42% of 8.3 MB ]
   Downloading [ 49% of 8.3 MB ]
   Downloading [ 60% of 8.3 MB ]
   Downloading [ 72% of 8.3 MB ]
   Downloading [ 84% of 8.3 MB ]
   Downloading [ 96% of 8.3 MB ]
   Downloaded!
   Extracting...
   Mounting...
   Mounted!
Processing addon 333: Empty Hands Swep (245482078)...
   Addon needs downloading...
   Downloaded!
   Extracting...
   Mounting...
   Mounted!
Processing addon 332: Star Wars Music Speakers (252742321)...
   Addon needs downloading...
   Downloading [ 1% of 32.4 MB ]
   Downloading [ 4% of 32.4 MB ]
   Downloading [ 7% of 32.4 MB ]
   Downloading [ 10% of 32.4 MB ]
   Downloading [ 12% of 32.4 MB ]
   Downloading [ 14% of 32.4 MB ]
   Downloading [ 17% of 32.4 MB ]
   Downloading [ 20% of 32.4 MB ]
   Downloading [ 23% of 32.4 MB ]
   Downloading [ 25% of 32.4 MB ]
   Downloading [ 28% of 32.4 MB ]
   Downloading [ 31% of 32.4 MB ]
   Downloading [ 34% of 32.4 MB ]
   Downloading [ 37% of 32.4 MB ]
   Downloading [ 40% of 32.4 MB ]
   Downloading [ 40% of 32.4 MB ]
   Downloading [ 43% of 32.4 MB ]
   Downloading [ 46% of 32.4 MB ]
   Downloading [ 48% of 32.4 MB ]
   Downloading [ 51% of 32.4 MB ]
   Downloading [ 54% of 32.4 MB ]
   Downloading [ 61% of 32.4 MB ]
   Downloading [ 64% of 32.4 MB ]
   Downloading [ 64% of 32.4 MB ]
   Downloading [ 67% of 32.4 MB ]
   Downloading [ 70% of 32.4 MB ]
   Downloading [ 73% of 32.4 MB ]
   Downloading [ 75% of 32.4 MB ]
   Downloading [ 78% of 32.4 MB ]
   Downloading [ 80% of 32.4 MB ]
   Downloading [ 83% of 32.4 MB ]
   Downloading [ 86% of 32.4 MB ]
   Downloading [ 89% of 32.4 MB ]
   Downloading [ 92% of 32.4 MB ]
   Downloading [ 95% of 32.4 MB ]
   Downloading [ 97% of 32.4 MB ]
   Downloaded!
   Extracting...
   Mounting...
   Mounted!
Processing addon 331: SW Forklift Truck (264931812)...
   Addon needs downloading...
   Downloading [ 0% of 9.4 MB ]
   Downloading [ 50% of 9.4 MB ]
   Downloading [ 95% of 9.4 MB ]
   Downloaded!
   Mounted!
Processing addon 330: Sci-fi Props Megapack (284266415)...
   Addon needs downloading...
   Downloading [ 0% of 56.9 MB ]
   Downloading [ 1% of 56.9 MB ]
   Downloading [ 3% of 56.9 MB ]
   Downloading [ 5% of 56.9 MB ]
   Downloading [ 7% of 56.9 MB ]
   Downloading [ 8% of 56.9 MB ]
   Downloading [ 10% of 56.9 MB ]
   Downloading [ 11% of 56.9 MB ]
   Downloading [ 13% of 56.9 MB ]
   Downloading [ 14% of 56.9 MB ]
   Downloading [ 16% of 56.9 MB ]
   Downloading [ 17% of 56.9 MB ]
   Downloading [ 19% of 56.9 MB ]
   Downloading [ 20% of 56.9 MB ]
   Downloading [ 22% of 56.9 MB ]
   Downloading [ 23% of 56.9 MB ]
   Downloading [ 24% of 56.9 MB ]
   Downloading [ 25% of 56.9 MB ]
   Downloading [ 27% of 56.9 MB ]
   Downloading [ 28% of 56.9 MB ]
   Downloading [ 30% of 56.9 MB ]
   Downloading [ 31% of 56.9 MB ]
   Downloading [ 33% of 56.9 MB ]
   Downloading [ 35% of 56.9 MB ]
   Downloading [ 36% of 56.9 MB ]
   Downloading [ 38% of 56.9 MB ]
   Downloading [ 39% of 56.9 MB ]
   Downloading [ 40% of 56.9 MB ]
   Downloading [ 42% of 56.9 MB ]
   Downloading [ 44% of 56.9 MB ]
   Downloading [ 45% of 56.9 MB ]
   Downloading [ 47% of 56.9 MB ]
   Downloading [ 49% of 56.9 MB ]
   Downloading [ 50% of 56.9 MB ]
   Downloading [ 51% of 56.9 MB ]
   Downloading [ 53% of 56.9 MB ]
   Downloading [ 54% of 56.9 MB ]
   Downloading [ 56% of 56.9 MB ]
   Downloading [ 58% of 56.9 MB ]
   Downloading [ 59% of 56.9 MB ]
   Downloading [ 61% of 56.9 MB ]
   Downloading [ 62% of 56.9 MB ]
   Downloading [ 64% of 56.9 MB ]
   Downloading [ 65% of 56.9 MB ]
   Downloading [ 67% of 56.9 MB ]
   Downloading [ 68% of 56.9 MB ]
   Downloading [ 70% of 56.9 MB ]
   Downloading [ 72% of 56.9 MB ]
   Downloading [ 73% of 56.9 MB ]
   Downloading [ 75% of 56.9 MB ]
   Downloading [ 75% of 56.9 MB ]
   Downloading [ 77% of 56.9 MB ]
   Downloading [ 79% of 56.9 MB ]
   Downloading [ 80% of 56.9 MB ]
   Downloading [ 82% of 56.9 MB ]
   Downloading [ 83% of 56.9 MB ]
   Downloading [ 84% of 56.9 MB ]
   Downloading [ 86% of 56.9 MB ]
   Downloading [ 87% of 56.9 MB ]
   Downloading [ 89% of 56.9 MB ]
   Downloading [ 89% of 56.9 MB ]
   Downloading [ 91% of 56.9 MB ]
   Downloading [ 93% of 56.9 MB ]
   Downloading [ 94% of 56.9 MB ]
   Downloading [ 96% of 56.9 MB ]
   Downloading [ 97% of 56.9 MB ]
   Downloading [ 98% of 56.9 MB ]
   Downloaded!
   Extracting...
   Mounting...
   Mounted!
Processing addon 329: Star Wars Roleplay Props (414296692)...
   Addon needs downloading...
   Downloading [ 0% of 9.6 MB ]
   Downloading [ 6% of 9.6 MB ]
   Downloading [ 16% of 9.6 MB ]
   Downloading [ 25% of 9.6 MB ]
   Downloading [ 33% of 9.6 MB ]
   Downloading [ 42% of 9.6 MB ]
   Downloading [ 53% of 9.6 MB ]
   Downloading [ 63% of 9.6 MB ]
   Downloading [ 73% of 9.6 MB ]
   Downloading [ 83% of 9.6 MB ]
   Downloading [ 91% of 9.6 MB ]
   Downloading [ 100% of 9.6 MB ]
   Downloaded!
   Extracting...
   Mounting...
   Mounted!
Processing addon 328: STAR WARS Emperor Palpatine Playermodel (457212613)...
   Addon needs downloading...
   Downloading [ 21% of 2.1 MB ]
   Downloading [ 46% of 2.1 MB ]
   Downloading [ 87% of 2.1 MB ]
   Downloaded!
   Extracting...
   Mounting...
   Mounted!
Processing addon 327: rp_Nar_Shaddaa_V2 (485317056)...
   Addon needs downloading...
   Downloading [ 0% of 34.4 MB ]
   Downloading [ 2% of 34.4 MB ]
   Downloading [ 5% of 34.4 MB ]
   Downloading [ 7% of 34.4 MB ]
   Downloading [ 10% of 34.4 MB ]
   Downloading [ 13% of 34.4 MB ]
   Downloading [ 15% of 34.4 MB ]
   Downloading [ 17% of 34.4 MB ]
   Downloading [ 19% of 34.4 MB ]
   Downloading [ 22% of 34.4 MB ]
   Downloading [ 25% of 34.4 MB ]
   Downloading [ 27% of 34.4 MB ]
   Downloading [ 29% of 34.4 MB ]
   Downloading [ 32% of 34.4 MB ]
   Downloading [ 35% of 34.4 MB ]
   Downloading [ 37% of 34.4 MB ]
   Downloading [ 40% of 34.4 MB ]
   Downloading [ 40% of 34.4 MB ]
   Downloading [ 43% of 34.4 MB ]
   Downloading [ 46% of 34.4 MB ]
   Downloading [ 48% of 34.4 MB ]
   Downloading [ 51% of 34.4 MB ]
   Downloading [ 53% of 34.4 MB ]
   Downloading [ 56% of 34.4 MB ]
   Downloading [ 58% of 34.4 MB ]
   Downloading [ 61% of 34.4 MB ]
   Downloading [ 63% of 34.4 MB ]
   Downloading [ 66% of 34.4 MB ]
   Downloading [ 69% of 34.4 MB ]
   Downloading [ 72% of 34.4 MB ]
   Downloading [ 74% of 34.4 MB ]
   Downloading [ 77% of 34.4 MB ]
   Downloading [ 79% of 34.4 MB ]
   Downloading [ 82% of 34.4 MB ]
   Downloading [ 84% of 34.4 MB ]
   Downloading [ 87% of 34.4 MB ]
   Downloading [ 90% of 34.4 MB ]
   Downloading [ 91% of 34.4 MB ]
   Downloading [ 93% of 34.4 MB ]
   Downloading [ 96% of 34.4 MB ]
   Downloading [ 98% of 34.4 MB ]
   Downloaded!
   Extracting...
   Mounting...
   Mounted!
Processing addon 326: RemoveProps (488122182)...
   Addon needs downloading...
   Downloaded!
   Extracting...
   Mounting...
   Mounted!
Processing addon 325: Equipped Weapon Addon (489910704)...
   Addon needs downloading...
   Downloaded!
   Extracting...
   Mounting...
   Mounted!
Processing addon 324: Roll Command (516377504)...
   Addon needs downloading...
   Downloaded!
   Extracting...
   Mounting...
   Mounted!
Processing addon 323: Media Player (546392647)...
   Addon needs downloading...
   Downloading [ 100% of 468.9 KB ]
   Downloaded!
   Mounted!
Processing addon 322: Miscellaneous Star Wars Characters (NPCs, Part 1) (603880998)...
   Addon needs downloading...
   Downloading [ 0% of 109.3 MB ]
   Downloading [ 1% of 109.3 MB ]
   Downloading [ 1% of 109.3 MB ]
   Downloading [ 2% of 109.3 MB ]
   Downloading [ 3% of 109.3 MB ]
   Downloading [ 4% of 109.3 MB ]
   Downloading [ 5% of 109.3 MB ]
   Downloading [ 6% of 109.3 MB ]
   Downloading [ 6% of 109.3 MB ]
   Downloading [ 7% of 109.3 MB ]
   Downloading [ 8% of 109.3 MB ]
   Downloading [ 8% of 109.3 MB ]
   Downloading [ 9% of 109.3 MB ]
   Downloading [ 10% of 109.3 MB ]
   Downloading [ 11% of 109.3 MB ]
   Downloading [ 12% of 109.3 MB ]
   Downloading [ 12% of 109.3 MB ]
   Downloading [ 13% of 109.3 MB ]
   Downloading [ 14% of 109.3 MB ]
   Downloading [ 15% of 109.3 MB ]
   Downloading [ 16% of 109.3 MB ]
   Downloading [ 17% of 109.3 MB ]
   Downloading [ 17% of 109.3 MB ]
   Downloading [ 18% of 109.3 MB ]
   Downloading [ 19% of 109.3 MB ]
   Downloading [ 20% of 109.3 MB ]
   Downloading [ 21% of 109.3 MB ]
   Downloading [ 21% of 109.3 MB ]
   Downloading [ 22% of 109.3 MB ]
   Downloading [ 23% of 109.3 MB ]
   Downloading [ 24% of 109.3 MB ]
   Downloading [ 25% of 109.3 MB ]
   Downloading [ 26% of 109.3 MB ]
   Downloading [ 26% of 109.3 MB ]
   Downloading [ 27% of 109.3 MB ]
   Downloading [ 28% of 109.3 MB ]
   Downloading [ 28% of 109.3 MB ]
   Downloading [ 29% of 109.3 MB ]
   Downloading [ 30% of 109.3 MB ]
   Downloading [ 31% of 109.3 MB ]
   Downloading [ 32% of 109.3 MB ]
   Downloading [ 32% of 109.3 MB ]
   Downloading [ 33% of 109.3 MB ]
   Downloading [ 34% of 109.3 MB ]
   Downloading [ 35% of 109.3 MB ]
   Downloading [ 35% of 109.3 MB ]
   Downloading [ 36% of 109.3 MB ]
   Downloading [ 37% of 109.3 MB ]
   Downloading [ 38% of 109.3 MB ]
   Downloading [ 39% of 109.3 MB ]
   Downloading [ 40% of 109.3 MB ]
   Downloading [ 40% of 109.3 MB ]
   Downloading [ 41% of 109.3 MB ]
   Downloading [ 42% of 109.3 MB ]
   Downloading [ 43% of 109.3 MB ]
   Downloading [ 43% of 109.3 MB ]
   Downloading [ 44% of 109.3 MB ]
   Downloading [ 45% of 109.3 MB ]
   Downloading [ 46% of 109.3 MB ]
   Downloading [ 47% of 109.3 MB ]
   Downloading [ 48% of 109.3 MB ]
