Couldn't load shader dll: game_shader_generic_garrysmod_srv.soConVarRef mat_dxlevel doesn't point to an existing ConVar
Game_srv.so loaded for "Garry's Mod"
Initializing Steam libraries for Workshop..
WS: Waiting for Steam to log us in.........
WS: Fetching collection info...
Processing collection 3023459068...
   Collection 'Atlas' (287 items)
   Retrieving item details...
   286 new addon(s) + 1 new collection(s)
Processing collection 2222752768...
   Collection 'Vanguard Imperial 2023 Content' (158 items)
   Retrieving item details...
   44 new addon(s) + 1 new collection(s)
Processing collection 2729866003...
   Collection 'Server Tools' (40 items)
   Retrieving item details...
   23 new addon(s)
WS: Finished!

WS: Processing 353 addons...
Processing addon 353: NPC Tools (104486597)...
   Mounted!
Processing addon 352: Playable Piano (104548572)...
   Mounted!
Processing addon 351: Standing Pose Tool (104576786)...
   Mounted!
Processing addon 350: Extended Properties (104607712)...
   Mounted!
Processing addon 349: No Collide World [Reupload] (104634865)...
   Mounted!
Processing addon 348: PAC3 (104691717)...
   Mounted!
Processing addon 347: The Sit Anywhere Script! (108176967)...
   Mounted!
Processing addon 346: 3D2D Textscreens (109643223)...
   Mounted!
Processing addon 345: Star Wars Lightsabers (111412589)...
   Mounted!
Processing addon 344: Rp_Stardestroyer (130083907)...
   Mounted!
Processing addon 343: Smart Weld (131586620)...
   Mounted!
Processing addon 342: VJ Base (131759821)...
   Mounted!
Processing addon 341: rp_catalyst_v1 (135544186)...
   Mounted!
Processing addon 340: Rp_Kashyyyk_Jungle (169044808)...
   Mounted!
Processing addon 339: Sci-Fi Citizens v4 (173923845)...
   Mounted!
Processing addon 338: Sci-Fi Citizens Playermodels (173932955)...
   Mounted!
Processing addon 337: Emplacements (213515639)...
   Mounted!
Processing addon 336: PermaProps (220336312)...
   Mounted!
Processing addon 335: Rp_Naboo_City (225115060)...
   Mounted!
Processing addon 334: Star Wars Death Troopers (244505203)...
   Mounted!
Processing addon 333: Empty Hands Swep (245482078)...
   Mounted!
Processing addon 332: Star Wars Music Speakers (252742321)...
   Mounted!
Processing addon 331: SW Forklift Truck (264931812)...
   Mounted!
Processing addon 330: Sci-fi Props Megapack (284266415)...
   Mounted!
Processing addon 329: Star Wars Roleplay Props (414296692)...
   Mounted!
Processing addon 328: STAR WARS Emperor Palpatine Playermodel (457212613)...
   Mounted!
Processing addon 327: rp_Nar_Shaddaa_V2 (485317056)...
   Mounted!
Processing addon 326: RemoveProps (488122182)...
   Mounted!
Processing addon 325: Equipped Weapon Addon (489910704)...
   Mounted!
Processing addon 324: Roll Command (516377504)...
   Mounted!
Processing addon 323: Media Player (546392647)...
   Mounted!
Processing addon 322: Miscellaneous Star Wars Characters (NPCs, Part 1) (603880998)...
   Mounted!
Processing addon 321: Miscellaneous Star Wars Characters (NPCs, Part 2) (612389671)...
   Mounted!
Processing addon 320: Star Wars Rakghoul Infection SWEP (617610563)...
   Mounted!
Processing addon 319: Imperial Navy from Star Wars: Empire at War (638038270)...
   Mounted!
Processing addon 318: HBOMBS Base Pack (668552230)...
   Mounted!
Processing addon 317: HBOMBS Materials Pack (668558959)...
   Mounted!
Processing addon 316: No KILL Console (673359320)...
   Mounted!
Processing addon 315: Star Wars Turrets (682412506)...
   Mounted!
Processing addon 314: Star Wars Outter Rim Weapons (682603219)...
   Mounted!
Processing addon 313: Miscellaneous Star Wars Characters (NPCS, Part 3) (686671472)...
   Mounted!
Processing addon 312: [TFA] SWRP SWEP Mega-Pack (708301497)...
   Mounted!
Processing addon 311: Witcher Gates (727161410)...
   Mounted!
Processing addon 310: [PR]Star Wars Medical Sweps [Bacta Grenade, Bacta Injector, Force Heal] (727824870)...
   Mounted!
Processing addon 309: Voice Amplifier SWEP (732867617)...
   Mounted!
Processing addon 308: [ TFA Star Wars ] Extended Weapons Pack (751535102)...
   Mounted!
Processing addon 307: [wOS] Animation Extension - Base (Full Version) (757604550)...
   Mounted!
Processing addon 306: Advanced Duplicator 2 (773402917)...
   Mounted!
Processing addon 305: SW Map : Kamino (Extended) (774517123)...
   Mounted!
Processing addon 304: The Prone Mod - wOS (775573383)...
   Mounted!
Processing addon 303: Star Wars - Lambda Class Shuttle (817850162)...
   Mounted!
Processing addon 302: Rogue One - A Star Wars Vehicles Addon (823467265)...
   Mounted!
Processing addon 301: [CodexRP] Warhammer Tanks [Includes Chimera] (825385361)...
   Mounted!
Processing addon 300: Star Wars Map - Gozanti Cruiser (842645768)...
   Mounted!
Processing addon 299: [wOS] Animation Extension - Blade Symphony (848953359)...
   Mounted!
Processing addon 298: Lord Tyler's - Massive Prop Pack (855631618)...
   Mounted!
Processing addon 297: [ZEPHYR] Rogue Legionnaires Pack - Custom Stormtrooper Models (868473579)...
   Mounted!
Processing addon 296: GM_MARSH (878761545)...
   Mounted!
Processing addon 295: [TFA Official] Star Wars Shared Resources [ Sounds, Icons, Shared Support Menu ] (889827473)...
   Mounted!
Processing addon 294: RP_RishiMoon_Crimson (890036049)...
   Mounted!
Processing addon 293: Tool Search & Favorites (891116528)...
   Mounted!
Processing addon 292: Star Wars City Map (907215395)...
   Mounted!
Processing addon 291: Star Wars - Chimaera Stormtroopers [Part 1] Playermodel Pack v1.0 (907308417)...
   Mounted!
Processing addon 290: [wOS] Animation Extension - Prone Mod (918084741)...
   Mounted!
Processing addon 289: [wOS] Animation Extension - Experimental (925184078)...
   Mounted!
Processing addon 288: Star Wars | Rogue One SWEPs | Deathtrooper Weapons (E-11D, DLT-19D) and Krennic's Pistol (925602544)...
   Addon needs downloading...
   Downloading [ 17% of 28.9 MB ]
   Downloading [ 19% of 28.9 MB ]
   Downloading [ 22% of 28.9 MB ]
   Downloading [ 26% of 28.9 MB ]
   Downloading [ 29% of 28.9 MB ]
   Downloading [ 31% of 28.9 MB ]
   Downloading [ 33% of 28.9 MB ]
   Downloading [ 36% of 28.9 MB ]
   Downloading [ 40% of 28.9 MB ]
   Downloading [ 44% of 28.9 MB ]
   Downloading [ 45% of 28.9 MB ]
   Downloading [ 48% of 28.9 MB ]
   Downloading [ 51% of 28.9 MB ]
   Downloading [ 54% of 28.9 MB ]
   Downloading [ 57% of 28.9 MB ]
   Downloading [ 60% of 28.9 MB ]
   Downloading [ 63% of 28.9 MB ]
   Downloading [ 66% of 28.9 MB ]
   Downloading [ 69% of 28.9 MB ]
   Downloading [ 72% of 28.9 MB ]
   Downloading [ 76% of 28.9 MB ]
   Downloading [ 77% of 28.9 MB ]
   Downloading [ 80% of 28.9 MB ]
   Downloading [ 83% of 28.9 MB ]
   Downloading [ 86% of 28.9 MB ]
   Downloading [ 90% of 28.9 MB ]
   Downloading [ 91% of 28.9 MB ]
   Downloading [ 94% of 28.9 MB ]
   Downloading [ 98% of 28.9 MB ]
   Downloaded!
   Extracting...
   Mounting...
   Mounted!
Processing addon 287: SW Modelpack : Emperors Tower (938897202)...
   Addon needs downloading...
   Downloading [ 1% of 8.4 MB ]
   Downloading [ 12% of 8.4 MB ]
   Downloading [ 23% of 8.4 MB ]
   Downloading [ 35% of 8.4 MB ]
   Downloading [ 46% of 8.4 MB ]
   Downloading [ 58% of 8.4 MB ]
   Downloading [ 60% of 8.4 MB ]
   Downloading [ 71% of 8.4 MB ]
   Downloading [ 83% of 8.4 MB ]
   Downloading [ 95% of 8.4 MB ]
   Downloaded!
   Extracting...
   Mounting...
   Mounted!
Processing addon 286: Star Wars - Rogue One Prop Pack (946190478)...
   Addon needs downloading...
   Downloading [ 0% of 14.4 MB ]
   Downloading [ 35% of 14.4 MB ]
   Downloading [ 80% of 14.4 MB ]
   Downloaded!
   Mounted!
Processing addon 285: SW Playermodels : Worker Droids (1098383839)...
   Addon needs downloading...
   Downloading [ 0% of 9.2 MB ]
   Downloading [ 10% of 9.2 MB ]
   Downloading [ 21% of 9.2 MB ]
   Downloading [ 31% of 9.2 MB ]
   Downloading [ 41% of 9.2 MB ]
   Downloading [ 49% of 9.2 MB ]
   Downloading [ 59% of 9.2 MB ]
   Downloading [ 69% of 9.2 MB ]
   Downloading [ 78% of 9.2 MB ]
   Downloading [ 87% of 9.2 MB ]
   Downloading [ 98% of 9.2 MB ]
   Downloaded!
   Extracting...
   Mounting...
   Mounted!
Processing addon 284: [TE] Nar Shaddaa Characters Playermodels (1101489756)...
   Addon needs downloading...
   Downloading [ 0% of 52.1 MB ]
   Downloading [ 0% of 52.1 MB ]
   Downloading [ 0% of 52.1 MB ]
   Downloading [ 0% of 52.1 MB ]
   Downloading [ 0% of 52.1 MB ]
   Downloading [ 1% of 52.1 MB ]
   Downloading [ 3% of 52.1 MB ]
   Downloading [ 5% of 52.1 MB ]
   Downloading [ 7% of 52.1 MB ]
   Downloading [ 9% of 52.1 MB ]
   Downloading [ 10% of 52.1 MB ]
   Downloading [ 12% of 52.1 MB ]
   Downloading [ 14% of 52.1 MB ]
   Downloading [ 15% of 52.1 MB ]
   Downloading [ 17% of 52.1 MB ]
   Downloading [ 19% of 52.1 MB ]
   Downloading [ 21% of 52.1 MB ]
   Downloading [ 22% of 52.1 MB ]
   Downloading [ 24% of 52.1 MB ]
   Downloading [ 26% of 52.1 MB ]
   Downloading [ 27% of 52.1 MB ]
   Downloading [ 28% of 52.1 MB ]
   Downloading [ 30% of 52.1 MB ]
   Downloading [ 32% of 52.1 MB ]
   Downloading [ 34% of 52.1 MB ]
   Downloading [ 36% of 52.1 MB ]
   Downloading [ 37% of 52.1 MB ]
   Downloading [ 39% of 52.1 MB ]
   Downloading [ 41% of 52.1 MB ]
   Downloading [ 42% of 52.1 MB ]
   Downloading [ 44% of 52.1 MB ]
   Downloading [ 46% of 52.1 MB ]
   Downloading [ 46% of 52.1 MB ]
   Downloading [ 48% of 52.1 MB ]
   Downloading [ 50% of 52.1 MB ]
   Downloading [ 52% of 52.1 MB ]
   Downloading [ 53% of 52.1 MB ]
   Downloading [ 55% of 52.1 MB ]
   Downloading [ 57% of 52.1 MB ]
   Downloading [ 59% of 52.1 MB ]
   Downloading [ 60% of 52.1 MB ]
   Downloading [ 61% of 52.1 MB ]
   Downloading [ 62% of 52.1 MB ]
   Downloading [ 63% of 52.1 MB ]
   Downloading [ 65% of 52.1 MB ]
   Downloading [ 67% of 52.1 MB ]
   Downloading [ 68% of 52.1 MB ]
   Downloading [ 69% of 52.1 MB ]
   Downloading [ 70% of 52.1 MB ]
   Downloading [ 71% of 52.1 MB ]
   Downloading [ 72% of 52.1 MB ]
   Downloading [ 74% of 52.1 MB ]
   Downloading [ 76% of 52.1 MB ]
   Downloading [ 77% of 52.1 MB ]
   Downloading [ 79% of 52.1 MB ]
   Downloading [ 80% of 52.1 MB ]
   Downloading [ 82% of 52.1 MB ]
   Downloading [ 84% of 52.1 MB ]
   Downloading [ 86% of 52.1 MB ]
   Downloading [ 87% of 52.1 MB ]
   Downloading [ 89% of 52.1 MB ]
   Downloading [ 91% of 52.1 MB ]
   Downloading [ 93% of 52.1 MB ]
   Downloading [ 94% of 52.1 MB ]
   Downloading [ 96% of 52.1 MB ]
   Downloading [ 98% of 52.1 MB ]
   Downloading [ 99% of 52.1 MB ]
   Downloaded!
   Extracting...
   Mounting...
   Mounted!
Processing addon 283: [wOS] Advanced Lightsaber Combat (Content Pack) (1102570708)...
   Addon needs downloading...
   Downloading [ 0% of 27.6 MB ]
   Downloading [ 4% of 27.6 MB ]
   Downloading [ 17% of 27.6 MB ]
   Downloading [ 37% of 27.6 MB ]
   Downloading [ 66% of 27.6 MB ]
   Downloading [ 90% of 27.6 MB ]
   Downloaded!
   Mounted!
Processing addon 282: Rp_stardestroyer infinite (1113534839)...
   Addon needs downloading...
   Downloading [ 4% of 138.5 MB ]
   Downloading [ 10% of 138.5 MB ]
   Downloading [ 15% of 138.5 MB ]
   Downloading [ 21% of 138.5 MB ]
   Downloading [ 26% of 138.5 MB ]
   Downloading [ 35% of 138.5 MB ]
   Downloading [ 42% of 138.5 MB ]
   Downloading [ 53% of 138.5 MB ]
   Downloading [ 61% of 138.5 MB ]
   Downloading [ 69% of 138.5 MB ]
   Downloading [ 76% of 138.5 MB ]
   Downloading [ 83% of 138.5 MB ]
   Downloading [ 90% of 138.5 MB ]
   Downloading [ 98% of 138.5 MB ]
   Downloaded!
   Mounted!
Processing addon 281: [wOS] Animation Extension - Riddick (1125980817)...
   Addon needs downloading...
   Downloaded!
   Mounted!
Processing addon 280: Gredwitch's Base (1131455085)...
   Addon needs downloading...
   Downloading [ 0% of 318.6 MB ]
   Downloading [ 2% of 318.6 MB ]
   Downloading [ 6% of 318.6 MB ]
   Downloading [ 9% of 318.6 MB ]
   Downloading [ 11% of 318.6 MB ]
   Downloading [ 15% of 318.6 MB ]
   Downloading [ 19% of 318.6 MB ]
   Downloading [ 22% of 318.6 MB ]
   Downloading [ 26% of 318.6 MB ]
   Downloading [ 31% of 318.6 MB ]
   Downloading [ 34% of 318.6 MB ]
   Downloading [ 41% of 318.6 MB ]
   Downloading [ 46% of 318.6 MB ]
   Downloading [ 50% of 318.6 MB ]
   Downloading [ 55% of 318.6 MB ]
   Downloading [ 61% of 318.6 MB ]
   Downloading [ 67% of 318.6 MB ]
   Downloading [ 70% of 318.6 MB ]
   Downloading [ 77% of 318.6 MB ]
   Downloading [ 83% of 318.6 MB ]
   Downloading [ 89% of 318.6 MB ]
   Downloading [ 93% of 318.6 MB ]
   Downloading [ 95% of 318.6 MB ]
   Downloading [ 98% of 318.6 MB ]
   Downloading [ 98% of 318.6 MB ]
   Downloading [ 99% of 318.6 MB ]
   Downloaded!
   Mounted!
Processing addon 279: Praetorian Guard - Star Wars: Force Arena (Playermodel) (1164057222)...
   Addon needs downloading...
   Downloading [ 0% of 8.0 MB ]
   Downloading [ 5% of 8.0 MB ]
   Downloading [ 17% of 8.0 MB ]
   Downloading [ 28% of 8.0 MB ]
   Downloading [ 38% of 8.0 MB ]
   Downloading [ 50% of 8.0 MB ]
   Downloading [ 63% of 8.0 MB ]
   Downloading [ 75% of 8.0 MB ]
   Downloading [ 87% of 8.0 MB ]
   Downloading [ 100% of 8.0 MB ]
   Downloading [ 100% of 8.0 MB ]
   Downloading [ 100% of 8.0 MB ]
   Downloaded!
   Extracting...
   Mounting...
   Mounted!
Processing addon 278: Star Wars Flamethrower (Weapon) (1186646142)...
   Addon needs downloading...
   Downloading [ 0% of 1.2 MB ]
   Downloading [ 33% of 1.2 MB ]
   Downloaded!
   Extracting...
   Mounting...
   Mounted!
Processing addon 277: Star Wars: EA's Battlefront - Rebel Troopers P1 (PM & NPC) (1188200318)...
   Addon needs downloading...
   Downloading [ 0% of 9.4 MB ]
   Downloading [ 10% of 9.4 MB ]
   Downloading [ 13% of 9.4 MB ]
   Downloading [ 22% of 9.4 MB ]
   Downloading [ 32% of 9.4 MB ]
   Downloading [ 42% of 9.4 MB ]
   Downloading [ 53% of 9.4 MB ]
   Downloading [ 61% of 9.4 MB ]
   Downloading [ 71% of 9.4 MB ]
   Downloading [ 80% of 9.4 MB ]
   Downloading [ 90% of 9.4 MB ]
   Downloading [ 100% of 9.4 MB ]
   Downloaded!
   Extracting...
   Mounting...
   Mounted!
Processing addon 276: Star Wars: EA's Battlefront - Rebel Troopers P1 Materials (1188211130)...
   Addon needs downloading...
   Downloading [ 0% of 85.4 MB ]
   Downloading [ 0% of 85.4 MB ]
   Downloading [ 1% of 85.4 MB ]
   Downloading [ 2% of 85.4 MB ]
   Downloading [ 3% of 85.4 MB ]
   Downloading [ 4% of 85.4 MB ]
   Downloading [ 5% of 85.4 MB ]
   Downloading [ 6% of 85.4 MB ]
   Downloading [ 7% of 85.4 MB ]
   Downloading [ 8% of 85.4 MB ]
   Downloading [ 9% of 85.4 MB ]
   Downloading [ 10% of 85.4 MB ]
   Downloading [ 11% of 85.4 MB ]
   Downloading [ 12% of 85.4 MB ]
   Downloading [ 13% of 85.4 MB ]
   Downloading [ 14% of 85.4 MB ]
   Downloading [ 15% of 85.4 MB ]
   Downloading [ 16% of 85.4 MB ]
   Downloading [ 17% of 85.4 MB ]
   Downloading [ 18% of 85.4 MB ]
   Downloading [ 19% of 85.4 MB ]
   Downloading [ 20% of 85.4 MB ]
   Downloading [ 21% of 85.4 MB ]
   Downloading [ 22% of 85.4 MB ]
   Downloading [ 23% of 85.4 MB ]
   Downloading [ 24% of 85.4 MB ]
   Downloading [ 25% of 85.4 MB ]
   Downloading [ 26% of 85.4 MB ]
   Downloading [ 27% of 85.4 MB ]
   Downloading [ 28% of 85.4 MB ]
   Downloading [ 29% of 85.4 MB ]
   Downloading [ 30% of 85.4 MB ]
   Downloading [ 31% of 85.4 MB ]
   Downloading [ 32% of 85.4 MB ]
   Downloading [ 33% of 85.4 MB ]
   Downloading [ 34% of 85.4 MB ]
   Downloading [ 35% of 85.4 MB ]
   Downloading [ 37% of 85.4 MB ]
   Downloading [ 38% of 85.4 MB ]
   Downloading [ 39% of 85.4 MB ]
   Downloading [ 40% of 85.4 MB ]
   Downloading [ 41% of 85.4 MB ]
   Downloading [ 42% of 85.4 MB ]
   Downloading [ 43% of 85.4 MB ]
   Downloading [ 44% of 85.4 MB ]
   Downloading [ 45% of 85.4 MB ]
   Downloading [ 46% of 85.4 MB ]
   Downloading [ 47% of 85.4 MB ]
   Downloading [ 48% of 85.4 MB ]
   Downloading [ 49% of 85.4 MB ]
   Downloading [ 50% of 85.4 MB ]
   Downloading [ 51% of 85.4 MB ]
   Downloading [ 52% of 85.4 MB ]
   Downloading [ 53% of 85.4 MB ]
   Downloading [ 54% of 85.4 MB ]
   Downloading [ 55% of 85.4 MB ]
   Downloading [ 56% of 85.4 MB ]
   Downloading [ 57% of 85.4 MB ]
