Couldn't load shader dll: game_shader_generic_garrysmod_srv.soConVarRef mat_dxlevel doesn't point to an existing ConVar
Game_srv.so loaded for "Garry's Mod"
Initializing Steam libraries for Workshop..
WS: Waiting for Steam to log us in.......
WS: Fetching collection info...
Processing collection 3023459068...
   Collection 'Atlas' (287 items)
   Retrieving item details...
   286 new addon(s) + 1 new collection(s)
Processing collection 2222752768...
   Collection 'Vanguard Imperial 2023 Content' (158 items)
   Retrieving item details...
   44 new addon(s) + 1 new collection(s)
Processing collection 2729866003...
   Collection 'Server Tools' (40 items)
   Retrieving item details...
   23 new addon(s)
WS: Finished!

WS: Processing 353 addons...
Processing addon 353: NPC Tools (104486597)...
   Addon needs downloading...
   Downloading [ 0% of 34.6 KB ]
   Downloaded!
   Extracting...
   Mounting...
   Mounted!
Processing addon 352: Playable Piano (104548572)...
   Addon needs downloading...
   Downloading [ 1% of 13.5 MB ]
   Downloading [ 8% of 13.5 MB ]
   Downloading [ 14% of 13.5 MB ]
   Downloading [ 17% of 13.5 MB ]
   Downloading [ 23% of 13.5 MB ]
   Downloading [ 30% of 13.5 MB ]
   Downloading [ 37% of 13.5 MB ]
   Downloading [ 44% of 13.5 MB ]
   Downloading [ 50% of 13.5 MB ]
   Downloading [ 57% of 13.5 MB ]
   Downloading [ 64% of 13.5 MB ]
   Downloading [ 71% of 13.5 MB ]
   Downloading [ 77% of 13.5 MB ]
   Downloading [ 83% of 13.5 MB ]
   Downloading [ 89% of 13.5 MB ]
   Downloading [ 96% of 13.5 MB ]
   Downloaded!
   Extracting...
   Mounting...
   Mounted!
Processing addon 351: Standing Pose Tool (104576786)...
   Addon needs downloading...
   Downloading [ 0% of 1.5 KB ]
   Downloading [ 0% of 1.5 KB ]
   Downloading [ 100% of 1.5 KB ]
   Downloaded!
   Mounted!
Processing addon 350: Extended Properties (104607712)...
   Addon needs downloading...
   Downloading [ 0% of 7.7 KB ]
   Downloaded!
   Mounted!
Processing addon 349: No Collide World [Reupload] (104634865)...
   Addon needs downloading...
   Downloading [ 0% of 730 B ]
   Downloaded!
   Extracting...
   Mounting...
   Mounted!
Processing addon 348: PAC3 (104691717)...
   Addon needs downloading...
   Downloading [ 0% of 3.0 MB ]
   Downloading [ 9% of 3.0 MB ]
   Downloading [ 53% of 3.0 MB ]
   Downloaded!
   Mounted!
Processing addon 347: The Sit Anywhere Script! (108176967)...
   Addon needs downloading...
   Downloading [ 0% of 8.9 KB ]
   Downloaded!
   Mounted!
Processing addon 346: 3D2D Textscreens (109643223)...
   Addon needs downloading...
   Downloading [ 0% of 12.4 KB ]
   Downloaded!
   Mounted!
Processing addon 345: Star Wars Lightsabers (111412589)...
   Addon needs downloading...
   Downloading [ 28% of 13.7 MB ]
   Downloading [ 83% of 13.7 MB ]
   Downloading [ 94% of 13.7 MB ]
   Downloaded!
   Mounted!
Processing addon 344: Rp_Stardestroyer (130083907)...
   Addon needs downloading...
   Downloading [ 4% of 138.7 MB ]
   Downloading [ 18% of 138.7 MB ]
   Downloading [ 34% of 138.7 MB ]
   Downloading [ 54% of 138.7 MB ]
   Downloading [ 71% of 138.7 MB ]
   Downloading [ 84% of 138.7 MB ]
   Downloading [ 87% of 138.7 MB ]
   Downloading [ 94% of 138.7 MB ]
   Downloading [ 98% of 138.7 MB ]
   Downloaded!
   Mounted!
Processing addon 343: Smart Weld (131586620)...
   Addon needs downloading...
   Downloading [ 0% of 4.0 KB ]
   Downloaded!
   Extracting...
   Mounting...
   Mounted!
Processing addon 342: VJ Base (131759821)...
   Addon needs downloading...
   Downloading [ 0% of 35.9 MB ]
   Downloading [ 38% of 35.9 MB ]
   Downloading [ 71% of 35.9 MB ]
   Downloading [ 90% of 35.9 MB ]
   Downloaded!
   Mounted!
Processing addon 341: rp_catalyst_v1 (135544186)...
   Addon needs downloading...
   Downloading [ 0% of 65.9 MB ]
   Downloading [ 0% of 65.9 MB ]
   Downloading [ 2% of 65.9 MB ]
   Downloading [ 3% of 65.9 MB ]
   Downloading [ 5% of 65.9 MB ]
   Downloading [ 6% of 65.9 MB ]
   Downloading [ 6% of 65.9 MB ]
   Downloading [ 8% of 65.9 MB ]
   Downloading [ 9% of 65.9 MB ]
   Downloading [ 11% of 65.9 MB ]
   Downloading [ 12% of 65.9 MB ]
   Downloading [ 12% of 65.9 MB ]
   Downloading [ 12% of 65.9 MB ]
   Downloading [ 14% of 65.9 MB ]
   Downloading [ 15% of 65.9 MB ]
   Downloading [ 16% of 65.9 MB ]
   Downloading [ 18% of 65.9 MB ]
   Downloading [ 19% of 65.9 MB ]
   Downloading [ 20% of 65.9 MB ]
   Downloading [ 21% of 65.9 MB ]
   Downloading [ 23% of 65.9 MB ]
   Downloading [ 24% of 65.9 MB ]
   Downloading [ 25% of 65.9 MB ]
   Downloading [ 26% of 65.9 MB ]
   Downloading [ 27% of 65.9 MB ]
   Downloading [ 29% of 65.9 MB ]
   Downloading [ 30% of 65.9 MB ]
   Downloading [ 31% of 65.9 MB ]
   Downloading [ 33% of 65.9 MB ]
   Downloading [ 34% of 65.9 MB ]
   Downloading [ 36% of 65.9 MB ]
   Downloading [ 37% of 65.9 MB ]
   Downloading [ 38% of 65.9 MB ]
   Downloading [ 40% of 65.9 MB ]
   Downloading [ 41% of 65.9 MB ]
   Downloading [ 42% of 65.9 MB ]
   Downloading [ 43% of 65.9 MB ]
   Downloading [ 45% of 65.9 MB ]
   Downloading [ 45% of 65.9 MB ]
   Downloading [ 47% of 65.9 MB ]
   Downloading [ 48% of 65.9 MB ]
   Downloading [ 50% of 65.9 MB ]
   Downloading [ 51% of 65.9 MB ]
   Downloading [ 52% of 65.9 MB ]
   Downloading [ 54% of 65.9 MB ]
   Downloading [ 55% of 65.9 MB ]
   Downloading [ 56% of 65.9 MB ]
   Downloading [ 58% of 65.9 MB ]
   Downloading [ 59% of 65.9 MB ]
   Downloading [ 60% of 65.9 MB ]
   Downloading [ 61% of 65.9 MB ]
   Downloading [ 62% of 65.9 MB ]
   Downloading [ 64% of 65.9 MB ]
   Downloading [ 65% of 65.9 MB ]
   Downloading [ 66% of 65.9 MB ]
   Downloading [ 68% of 65.9 MB ]
   Downloading [ 69% of 65.9 MB ]
   Downloading [ 71% of 65.9 MB ]
   Downloading [ 72% of 65.9 MB ]
   Downloading [ 73% of 65.9 MB ]
   Downloading [ 75% of 65.9 MB ]
   Downloading [ 76% of 65.9 MB ]
   Downloading [ 77% of 65.9 MB ]
   Downloading [ 79% of 65.9 MB ]
   Downloading [ 80% of 65.9 MB ]
   Downloading [ 81% of 65.9 MB ]
   Downloading [ 82% of 65.9 MB ]
   Downloading [ 84% of 65.9 MB ]
   Downloading [ 85% of 65.9 MB ]
   Downloading [ 86% of 65.9 MB ]
   Downloading [ 88% of 65.9 MB ]
   Downloading [ 89% of 65.9 MB ]
   Downloading [ 91% of 65.9 MB ]
   Downloading [ 92% of 65.9 MB ]
   Downloading [ 93% of 65.9 MB ]
   Downloading [ 94% of 65.9 MB ]
   Downloading [ 95% of 65.9 MB ]
   Downloading [ 97% of 65.9 MB ]
   Downloading [ 98% of 65.9 MB ]
   Downloading [ 100% of 65.9 MB ]
   Downloaded!
   Extracting...
   Mounting...
   Mounted!
Processing addon 340: Rp_Kashyyyk_Jungle (169044808)...
   Addon needs downloading...
   Downloading [ 0% of 13.3 MB ]
   Downloading [ 7% of 13.3 MB ]
   Downloading [ 15% of 13.3 MB ]
   Downloading [ 21% of 13.3 MB ]
   Downloading [ 28% of 13.3 MB ]
   Downloading [ 30% of 13.3 MB ]
   Downloading [ 37% of 13.3 MB ]
   Downloading [ 45% of 13.3 MB ]
   Downloading [ 52% of 13.3 MB ]
   Downloading [ 59% of 13.3 MB ]
   Downloading [ 65% of 13.3 MB ]
   Downloading [ 71% of 13.3 MB ]
   Downloading [ 78% of 13.3 MB ]
   Downloading [ 82% of 13.3 MB ]
   Downloading [ 90% of 13.3 MB ]
   Downloading [ 96% of 13.3 MB ]
   Downloaded!
   Extracting...
   Mounting...
   Mounted!
Processing addon 339: Sci-Fi Citizens v4 (173923845)...
   Addon needs downloading...
   Downloading [ 0% of 90.7 MB ]
   Downloading [ 1% of 90.7 MB ]
   Downloading [ 2% of 90.7 MB ]
   Downloading [ 3% of 90.7 MB ]
   Downloading [ 4% of 90.7 MB ]
   Downloading [ 5% of 90.7 MB ]
   Downloading [ 6% of 90.7 MB ]
   Downloading [ 7% of 90.7 MB ]
   Downloading [ 8% of 90.7 MB ]
   Downloading [ 9% of 90.7 MB ]
   Downloading [ 10% of 90.7 MB ]
   Downloading [ 11% of 90.7 MB ]
   Downloading [ 12% of 90.7 MB ]
   Downloading [ 12% of 90.7 MB ]
   Downloading [ 13% of 90.7 MB ]
   Downloading [ 14% of 90.7 MB ]
   Downloading [ 15% of 90.7 MB ]
   Downloading [ 16% of 90.7 MB ]
   Downloading [ 17% of 90.7 MB ]
   Downloading [ 18% of 90.7 MB ]
   Downloading [ 19% of 90.7 MB ]
   Downloading [ 20% of 90.7 MB ]
   Downloading [ 21% of 90.7 MB ]
   Downloading [ 22% of 90.7 MB ]
   Downloading [ 23% of 90.7 MB ]
   Downloading [ 24% of 90.7 MB ]
   Downloading [ 25% of 90.7 MB ]
   Downloading [ 26% of 90.7 MB ]
   Downloading [ 27% of 90.7 MB ]
   Downloading [ 28% of 90.7 MB ]
   Downloading [ 29% of 90.7 MB ]
   Downloading [ 30% of 90.7 MB ]
   Downloading [ 31% of 90.7 MB ]
   Downloading [ 32% of 90.7 MB ]
   Downloading [ 33% of 90.7 MB ]
   Downloading [ 34% of 90.7 MB ]
   Downloading [ 35% of 90.7 MB ]
   Downloading [ 36% of 90.7 MB ]
   Downloading [ 37% of 90.7 MB ]
   Downloading [ 38% of 90.7 MB ]
   Downloading [ 39% of 90.7 MB ]
   Downloading [ 40% of 90.7 MB ]
   Downloading [ 41% of 90.7 MB ]
   Downloading [ 42% of 90.7 MB ]
   Downloading [ 43% of 90.7 MB ]
   Downloading [ 44% of 90.7 MB ]
   Downloading [ 45% of 90.7 MB ]
   Downloading [ 46% of 90.7 MB ]
   Downloading [ 47% of 90.7 MB ]
   Downloading [ 48% of 90.7 MB ]
   Downloading [ 48% of 90.7 MB ]
   Downloading [ 49% of 90.7 MB ]
   Downloading [ 50% of 90.7 MB ]
   Downloading [ 51% of 90.7 MB ]
   Downloading [ 52% of 90.7 MB ]
   Downloading [ 53% of 90.7 MB ]
   Downloading [ 54% of 90.7 MB ]
   Downloading [ 55% of 90.7 MB ]
   Downloading [ 56% of 90.7 MB ]
   Downloading [ 57% of 90.7 MB ]
   Downloading [ 58% of 90.7 MB ]
   Downloading [ 59% of 90.7 MB ]
   Downloading [ 60% of 90.7 MB ]
   Downloading [ 61% of 90.7 MB ]
   Downloading [ 62% of 90.7 MB ]
   Downloading [ 63% of 90.7 MB ]
   Downloading [ 64% of 90.7 MB ]
   Downloading [ 65% of 90.7 MB ]
   Downloading [ 66% of 90.7 MB ]
   Downloading [ 67% of 90.7 MB ]
   Downloading [ 68% of 90.7 MB ]
   Downloading [ 69% of 90.7 MB ]
   Downloading [ 70% of 90.7 MB ]
   Downloading [ 71% of 90.7 MB ]
   Downloading [ 72% of 90.7 MB ]
   Downloading [ 73% of 90.7 MB ]
   Downloading [ 73% of 90.7 MB ]
   Downloading [ 74% of 90.7 MB ]
   Downloading [ 75% of 90.7 MB ]
   Downloading [ 76% of 90.7 MB ]
   Downloading [ 77% of 90.7 MB ]
   Downloading [ 78% of 90.7 MB ]
   Downloading [ 79% of 90.7 MB ]
   Downloading [ 80% of 90.7 MB ]
   Downloading [ 81% of 90.7 MB ]
   Downloading [ 82% of 90.7 MB ]
   Downloading [ 83% of 90.7 MB ]
   Downloading [ 84% of 90.7 MB ]
   Downloading [ 85% of 90.7 MB ]
   Downloading [ 86% of 90.7 MB ]
   Downloading [ 87% of 90.7 MB ]
   Downloading [ 88% of 90.7 MB ]
   Downloading [ 89% of 90.7 MB ]
   Downloading [ 90% of 90.7 MB ]
   Downloading [ 91% of 90.7 MB ]
   Downloading [ 92% of 90.7 MB ]
   Downloading [ 93% of 90.7 MB ]
   Downloading [ 94% of 90.7 MB ]
   Downloading [ 95% of 90.7 MB ]
   Downloading [ 96% of 90.7 MB ]
   Downloading [ 97% of 90.7 MB ]
   Downloading [ 98% of 90.7 MB ]
   Downloading [ 99% of 90.7 MB ]
   Downloaded!
   Extracting...
   Mounting...
   Mounted!
Processing addon 338: Sci-Fi Citizens Playermodels (173932955)...
   Addon needs downloading...
   Downloading [ 0% of 7.0 MB ]
   Downloading [ 8% of 7.0 MB ]
   Downloading [ 21% of 7.0 MB ]
   Downloading [ 35% of 7.0 MB ]
   Downloading [ 48% of 7.0 MB ]
   Downloading [ 57% of 7.0 MB ]
