Couldn't load shader dll: game_shader_generic_garrysmod_srv.soConVarRef mat_dxlevel doesn't point to an existing ConVar
Game_srv.so loaded for "Garry's Mod"
Initializing Steam libraries for Workshop..
WS: Waiting for Steam to log us in......
WS: Fetching collection info...
Processing collection 3023459068...
   Collection 'Atlas' (287 items)
   Retrieving item details...
   286 new addon(s) + 1 new collection(s)
Processing collection 2222752768...
   Collection 'Vanguard Imperial 2023 Content' (158 items)
   Retrieving item details...
   44 new addon(s) + 1 new collection(s)
Processing collection 2729866003...
   Collection 'Server Tools' (40 items)
   Retrieving item details...
   23 new addon(s)
WS: Finished!

WS: Processing 353 addons...
Processing addon 353: NPC Tools (104486597)...
   Mounted!
Processing addon 352: Playable Piano (104548572)...
   Mounted!
Processing addon 351: Standing Pose Tool (104576786)...
   Mounted!
Processing addon 350: Extended Properties (104607712)...
   Mounted!
Processing addon 349: No Collide World [Reupload] (104634865)...
   Mounted!
Processing addon 348: PAC3 (104691717)...
   Mounted!
Processing addon 347: The Sit Anywhere Script! (108176967)...
   Mounted!
Processing addon 346: 3D2D Textscreens (109643223)...
   Mounted!
Processing addon 345: Star Wars Lightsabers (111412589)...
   Mounted!
Processing addon 344: Rp_Stardestroyer (130083907)...
   Mounted!
Processing addon 343: Smart Weld (131586620)...
   Mounted!
Processing addon 342: VJ Base (131759821)...
   Mounted!
Processing addon 341: rp_catalyst_v1 (135544186)...
   Mounted!
Processing addon 340: Rp_Kashyyyk_Jungle (169044808)...
   Mounted!
Processing addon 339: Sci-Fi Citizens v4 (173923845)...
   Mounted!
Processing addon 338: Sci-Fi Citizens Playermodels (173932955)...
   Mounted!
Processing addon 337: Emplacements (213515639)...
   Mounted!
Processing addon 336: PermaProps (220336312)...
   Mounted!
Processing addon 335: Rp_Naboo_City (225115060)...
   Mounted!
Processing addon 334: Star Wars Death Troopers (244505203)...
   Mounted!
Processing addon 333: Empty Hands Swep (245482078)...
   Mounted!
Processing addon 332: Star Wars Music Speakers (252742321)...
   Mounted!
Processing addon 331: SW Forklift Truck (264931812)...
   Mounted!
Processing addon 330: Sci-fi Props Megapack (284266415)...
   Mounted!
Processing addon 329: Star Wars Roleplay Props (414296692)...
   Mounted!
Processing addon 328: STAR WARS Emperor Palpatine Playermodel (457212613)...
   Mounted!
Processing addon 327: rp_Nar_Shaddaa_V2 (485317056)...
   Mounted!
Processing addon 326: RemoveProps (488122182)...
   Mounted!
Processing addon 325: Equipped Weapon Addon (489910704)...
   Mounted!
Processing addon 324: Roll Command (516377504)...
   Mounted!
Processing addon 323: Media Player (546392647)...
   Mounted!
Processing addon 322: Miscellaneous Star Wars Characters (NPCs, Part 1) (603880998)...
   Mounted!
Processing addon 321: Miscellaneous Star Wars Characters (NPCs, Part 2) (612389671)...
   Mounted!
Processing addon 320: Star Wars Rakghoul Infection SWEP (617610563)...
   Mounted!
Processing addon 319: Imperial Navy from Star Wars: Empire at War (638038270)...
   Mounted!
Processing addon 318: HBOMBS Base Pack (668552230)...
   Mounted!
Processing addon 317: HBOMBS Materials Pack (668558959)...
   Mounted!
Processing addon 316: No KILL Console (673359320)...
   Mounted!
Processing addon 315: Star Wars Turrets (682412506)...
   Mounted!
Processing addon 314: Star Wars Outter Rim Weapons (682603219)...
   Mounted!
Processing addon 313: Miscellaneous Star Wars Characters (NPCS, Part 3) (686671472)...
   Mounted!
Processing addon 312: [TFA] SWRP SWEP Mega-Pack (708301497)...
   Mounted!
Processing addon 311: Witcher Gates (727161410)...
   Mounted!
Processing addon 310: [PR]Star Wars Medical Sweps [Bacta Grenade, Bacta Injector, Force Heal] (727824870)...
   Mounted!
Processing addon 309: Voice Amplifier SWEP (732867617)...
   Mounted!
Processing addon 308: [ TFA Star Wars ] Extended Weapons Pack (751535102)...
   Mounted!
Processing addon 307: [wOS] Animation Extension - Base (Full Version) (757604550)...
   Mounted!
Processing addon 306: Advanced Duplicator 2 (773402917)...
   Mounted!
Processing addon 305: SW Map : Kamino (Extended) (774517123)...
   Mounted!
Processing addon 304: The Prone Mod - wOS (775573383)...
   Mounted!
Processing addon 303: Star Wars - Lambda Class Shuttle (817850162)...
   Mounted!
Processing addon 302: Rogue One - A Star Wars Vehicles Addon (823467265)...
   Mounted!
Processing addon 301: [CodexRP] Warhammer Tanks [Includes Chimera] (825385361)...
   Mounted!
Processing addon 300: Star Wars Map - Gozanti Cruiser (842645768)...
   Mounted!
Processing addon 299: [wOS] Animation Extension - Blade Symphony (848953359)...
   Mounted!
Processing addon 298: Lord Tyler's - Massive Prop Pack (855631618)...
   Mounted!
Processing addon 297: [ZEPHYR] Rogue Legionnaires Pack - Custom Stormtrooper Models (868473579)...
   Mounted!
Processing addon 296: GM_MARSH (878761545)...
   Mounted!
Processing addon 295: [TFA Official] Star Wars Shared Resources [ Sounds, Icons, Shared Support Menu ] (889827473)...
   Mounted!
Processing addon 294: RP_RishiMoon_Crimson (890036049)...
   Mounted!
Processing addon 293: Tool Search & Favorites (891116528)...
   Mounted!
Processing addon 292: Star Wars City Map (907215395)...
   Mounted!
Processing addon 291: Star Wars - Chimaera Stormtroopers [Part 1] Playermodel Pack v1.0 (907308417)...
   Mounted!
Processing addon 290: [wOS] Animation Extension - Prone Mod (918084741)...
   Mounted!
Processing addon 289: [wOS] Animation Extension - Experimental (925184078)...
   Mounted!
Processing addon 288: Star Wars | Rogue One SWEPs | Deathtrooper Weapons (E-11D, DLT-19D) and Krennic's Pistol (925602544)...
   Mounted!
Processing addon 287: SW Modelpack : Emperors Tower (938897202)...
   Mounted!
Processing addon 286: Star Wars - Rogue One Prop Pack (946190478)...
   Mounted!
Processing addon 285: SW Playermodels : Worker Droids (1098383839)...
   Mounted!
Processing addon 284: [TE] Nar Shaddaa Characters Playermodels (1101489756)...
   Mounted!
Processing addon 283: [wOS] Advanced Lightsaber Combat (Content Pack) (1102570708)...
   Mounted!
Processing addon 282: Rp_stardestroyer infinite (1113534839)...
   Mounted!
Processing addon 281: [wOS] Animation Extension - Riddick (1125980817)...
   Mounted!
Processing addon 280: Gredwitch's Base (1131455085)...
   Mounted!
Processing addon 279: Praetorian Guard - Star Wars: Force Arena (Playermodel) (1164057222)...
   Mounted!
Processing addon 278: Star Wars Flamethrower (Weapon) (1186646142)...
   Mounted!
Processing addon 277: Star Wars: EA's Battlefront - Rebel Troopers P1 (PM & NPC) (1188200318)...
   Mounted!
Processing addon 276: Star Wars: EA's Battlefront - Rebel Troopers P1 Materials (1188211130)...
   Mounted!
Processing addon 275: Star Wars: EA's Battlefront - Orson Krennic (PM & NPC) (1190484009)...
   Mounted!
Processing addon 274: SW Modelpack : Venator (1251088550)...
   Mounted!
Processing addon 273: Star Wars: Turrets (1260257458)...
   Mounted!
Processing addon 272: [HCN] Inferno Pilot and crewman (1269843277)...
   Mounted!
Processing addon 271: Star Wars Music (1309030336)...
   Mounted!
Processing addon 270: Health Regen SWEP (1325364962)...
   Mounted!
Processing addon 269: Hidden Camera Models (1345755676)...
   Mounted!
Processing addon 268: Delicate UI Content (1360092711)...
   Mounted!
Processing addon 267: TX-225 (1370822766)...
   Mounted!
Processing addon 266: [Union of Empire] Content Pack (1390007163)...
   Mounted!
Processing addon 265: Gredwitch's Emplacement Pack (1391460275)...
   Mounted!
Processing addon 264: mCompass (1452363997)...
   Mounted!
Processing addon 263: Alydus's Fortification Builder Tablet (1461735659)...
   Mounted!
Processing addon 262: Star Wars EMP Grenade (1466666820)...
   Mounted!
Processing addon 261: Better Cloaking (1475481224)...
   Mounted!
Processing addon 260: [IG] Chimera Deathtroopers Playermodels (1494257752)...
   Mounted!
Processing addon 259: Star Wars: Republic Commando - Weapons (2018 Edition) Part 2 (1499553262)...
   Mounted!
Processing addon 258: Star Wars Praetorian Guard Vibroblade (1505920421)...
   Mounted!
Processing addon 257: SW Modelpack : Deathstar (1518614446)...
   Mounted!
Processing addon 256: Vyten Orion custom map (1542405901)...
   Mounted!
Processing addon 255: HBOMBS Expansion (1547995555)...
   Mounted!
Processing addon 254: DarkRP Essentials - Content (1549158301)...
   Mounted!
Processing addon 253: Star Wars - Tropical Jungle Military Base (1556040063)...
   Mounted!
Processing addon 252: GmodAdminSuite (1595332211)...
   Mounted!
Processing addon 251: SW Map : Deathstar (1598263759)...
   Mounted!
Processing addon 250: Star Wars Ambiental Music (1601576172)...
   Mounted!
Processing addon 249: Simplistic Third-Person (1614863109)...
   Mounted!
Processing addon 248: Mass Effect Props [FIXED] (1651113675)...
   Mounted!
Processing addon 247: Star Wars |  Imperial Base (1672524568)...
   Mounted!
Processing addon 246: [TFA] StarWars Rocket Launcher Pack (1674752437)...
   Mounted!
Processing addon 245: Star Wars Fusion Cutter (1700003070)...
   Mounted!
Processing addon 244: [TFA] StarWars CIS Weapon Reworked Pack (1705500509)...
   Mounted!
Processing addon 243: [TFA] StarWars Republic Weapon Reworked Pack (1707874330)...
   Mounted!
Processing addon 242: [TFA] StarWars Imperial Weapon Reworked Pack (1709511645)...
   Mounted!
Processing addon 241: [TFA] StarWars Galactic Weapon Reworked Pack (1720373368)...
   Mounted!
Processing addon 240: Star Wars Cargo Props (1720544457)...
   Mounted!
Processing addon 239: Super's Waypoints (1724758621)...
   Mounted!
Processing addon 238: [TFA] StarWars Reworked Shared Resources and Assets (1741985166)...
   Mounted!
Processing addon 237: [TFA] StarWars Resistance Weapon Reworked Pack (1744941238)...
   Mounted!
Processing addon 236: [TFA] StarWars Rebels Weapon Reworked Pack (1744951181)...
   Mounted!
Processing addon 235: [TFA] StarWars First Order Weapon Reworked Pack (1745016690)...
   Mounted!
Processing addon 234: Stormtrooper Janitors Playermodel (1800668037)...
   Mounted!
Processing addon 233: Ballistic Shields [Workshop Content] (1819166858)...
   Mounted!
Processing addon 232: RP_Anaxes (1829795551)...
   Addon needs downloading...
   Downloading [ 30% of 71.2 MB ]
   Downloading [ 31% of 71.2 MB ]
   Downloading [ 32% of 71.2 MB ]
   Downloading [ 34% of 71.2 MB ]
   Downloading [ 35% of 71.2 MB ]
   Downloading [ 36% of 71.2 MB ]
   Downloading [ 37% of 71.2 MB ]
   Downloading [ 39% of 71.2 MB ]
   Downloading [ 40% of 71.2 MB ]
   Downloading [ 41% of 71.2 MB ]
   Downloading [ 43% of 71.2 MB ]
   Downloading [ 43% of 71.2 MB ]
   Downloading [ 44% of 71.2 MB ]
   Downloading [ 46% of 71.2 MB ]
   Downloading [ 47% of 71.2 MB ]
   Downloading [ 48% of 71.2 MB ]
   Downloading [ 49% of 71.2 MB ]
   Downloading [ 51% of 71.2 MB ]
   Downloading [ 52% of 71.2 MB ]
   Downloading [ 53% of 71.2 MB ]
   Downloading [ 54% of 71.2 MB ]
   Downloading [ 55% of 71.2 MB ]
   Downloading [ 56% of 71.2 MB ]
   Downloading [ 58% of 71.2 MB ]
   Downloading [ 59% of 71.2 MB ]
   Downloading [ 60% of 71.2 MB ]
   Downloading [ 61% of 71.2 MB ]
   Downloading [ 63% of 71.2 MB ]
   Downloading [ 64% of 71.2 MB ]
   Downloading [ 65% of 71.2 MB ]
   Downloading [ 67% of 71.2 MB ]
   Downloading [ 67% of 71.2 MB ]
   Downloading [ 68% of 71.2 MB ]
   Downloading [ 70% of 71.2 MB ]
   Downloading [ 71% of 71.2 MB ]
   Downloading [ 72% of 71.2 MB ]
   Downloading [ 74% of 71.2 MB ]
   Downloading [ 75% of 71.2 MB ]
   Downloading [ 76% of 71.2 MB ]
   Downloading [ 77% of 71.2 MB ]
   Downloading [ 78% of 71.2 MB ]
   Downloading [ 80% of 71.2 MB ]
   Downloading [ 81% of 71.2 MB ]
   Downloading [ 82% of 71.2 MB ]
   Downloading [ 84% of 71.2 MB ]
   Downloading [ 85% of 71.2 MB ]
   Downloading [ 86% of 71.2 MB ]
   Downloading [ 87% of 71.2 MB ]
   Downloading [ 89% of 71.2 MB ]
   Downloading [ 90% of 71.2 MB ]
   Downloading [ 91% of 71.2 MB ]
   Downloading [ 92% of 71.2 MB ]
   Downloading [ 94% of 71.2 MB ]
   Downloading [ 95% of 71.2 MB ]
   Downloading [ 96% of 71.2 MB ]
   Downloading [ 97% of 71.2 MB ]
   Downloading [ 98% of 71.2 MB ]
   Downloading [ 100% of 71.2 MB ]
   Downloaded!
   Extracting...
   Mounting...
   Mounted!
Processing addon 231: [TE] Nar Shaddaa Armour Pack Playermodels (1833156933)...
   Addon needs downloading...
   Downloading [ 0% of 43.3 MB ]
   Downloading [ 1% of 43.3 MB ]
   Downloading [ 3% of 43.3 MB ]
   Downloading [ 5% of 43.3 MB ]
   Downloading [ 7% of 43.3 MB ]
   Downloading [ 9% of 43.3 MB ]
   Downloading [ 11% of 43.3 MB ]
   Downloading [ 13% of 43.3 MB ]
   Downloading [ 15% of 43.3 MB ]
   Downloading [ 18% of 43.3 MB ]
   Downloading [ 19% of 43.3 MB ]
   Downloading [ 21% of 43.3 MB ]
   Downloading [ 23% of 43.3 MB ]
   Downloading [ 25% of 43.3 MB ]
   Downloading [ 28% of 43.3 MB ]
   Downloading [ 29% of 43.3 MB ]
   Downloading [ 32% of 43.3 MB ]
   Downloading [ 34% of 43.3 MB ]
   Downloading [ 36% of 43.3 MB ]
   Downloading [ 38% of 43.3 MB ]
   Downloading [ 40% of 43.3 MB ]
   Downloading [ 42% of 43.3 MB ]
   Downloading [ 44% of 43.3 MB ]
   Downloading [ 46% of 43.3 MB ]
   Downloading [ 48% of 43.3 MB ]
   Downloading [ 50% of 43.3 MB ]
   Downloading [ 52% of 43.3 MB ]
   Downloading [ 54% of 43.3 MB ]
   Downloading [ 56% of 43.3 MB ]
   Downloading [ 58% of 43.3 MB ]
   Downloading [ 60% of 43.3 MB ]
   Downloading [ 62% of 43.3 MB ]
   Downloading [ 64% of 43.3 MB ]
   Downloading [ 66% of 43.3 MB ]
   Downloading [ 69% of 43.3 MB ]
   Downloading [ 71% of 43.3 MB ]
   Downloading [ 72% of 43.3 MB ]
   Downloading [ 74% of 43.3 MB ]
   Downloading [ 76% of 43.3 MB ]
   Downloading [ 78% of 43.3 MB ]
   Downloading [ 80% of 43.3 MB ]
   Downloading [ 82% of 43.3 MB ]
   Downloading [ 84% of 43.3 MB ]
   Downloading [ 86% of 43.3 MB ]
   Downloading [ 88% of 43.3 MB ]
   Downloading [ 90% of 43.3 MB ]
   Downloading [ 92% of 43.3 MB ]
   Downloading [ 94% of 43.3 MB ]
   Downloading [ 96% of 43.3 MB ]
   Downloading [ 99% of 43.3 MB ]
   Downloaded!
   Extracting...
   Mounting...
   Mounted!
Processing addon 230: SW Modelpack : Miscellaneous (1841418570)...
   Addon needs downloading...
   Downloading [ 0% of 33.6 MB ]
   Downloading [ 11% of 33.6 MB ]
   Downloading [ 22% of 33.6 MB ]
   Downloading [ 70% of 33.6 MB ]
   Downloading [ 95% of 33.6 MB ]
   Downloaded!
   Mounted!
Processing addon 229: AWarn3 Server Content (1853618226)...
   Addon needs downloading...
   Downloading [ 0% of 106.9 KB ]
   Downloaded!
   Mounted!
Processing addon 228: Aura's LFS Fight Radar [SWRP] (1875633201)...
   Addon needs downloading...
   Downloaded!
   Mounted!
Processing addon 227: Star Wars: Omega Clone Commando (1878198941)...
   Addon needs downloading...
   Downloading [ 0% of 25.0 MB ]
   Downloading [ 3% of 25.0 MB ]
   Downloading [ 7% of 25.0 MB ]
   Downloading [ 10% of 25.0 MB ]
   Downloading [ 14% of 25.0 MB ]
   Downloading [ 18% of 25.0 MB ]
   Downloading [ 21% of 25.0 MB ]
   Downloading [ 25% of 25.0 MB ]
   Downloading [ 28% of 25.0 MB ]
   Downloading [ 32% of 25.0 MB ]
   Downloading [ 36% of 25.0 MB ]
   Downloading [ 40% of 25.0 MB ]
   Downloading [ 43% of 25.0 MB ]
   Downloading [ 47% of 25.0 MB ]
   Downloading [ 50% of 25.0 MB ]
   Downloading [ 54% of 25.0 MB ]
   Downloading [ 58% of 25.0 MB ]
   Downloading [ 61% of 25.0 MB ]
   Downloading [ 64% of 25.0 MB ]
   Downloading [ 68% of 25.0 MB ]
   Downloading [ 72% of 25.0 MB ]
   Downloading [ 76% of 25.0 MB ]
   Downloading [ 79% of 25.0 MB ]
   Downloading [ 80% of 25.0 MB ]
   Downloading [ 86% of 25.0 MB ]
   Downloading [ 90% of 25.0 MB ]
   Downloading [ 93% of 25.0 MB ]
   Downloading [ 96% of 25.0 MB ]
   Downloading [ 98% of 25.0 MB ]
   Downloaded!
   Extracting...
   Mounting...
   Mounted!
Processing addon 226: Vanilla's Ship Destruction Tool (1885314499)...
   Addon needs downloading...
   Downloading [ 4% of 2.8 MB ]
   Downloading [ 36% of 2.8 MB ]
   Downloading [ 70% of 2.8 MB ]
   Downloaded!
   Extracting...
   Mounting...
   Mounted!
Processing addon 225: Imperial Royal Guard (playermodels) (1897194135)...
   Addon needs downloading...
   Downloading [ 0% of 44.3 MB ]
   Downloading [ 4% of 44.3 MB ]
   Downloading [ 21% of 44.3 MB ]
   Downloading [ 49% of 44.3 MB ]
   Downloading [ 80% of 44.3 MB ]
   Downloading [ 96% of 44.3 MB ]
   Downloading [ 98% of 44.3 MB ]
   Downloaded!
   Mounted!
Processing addon 224: Star Wars - Scourge of Rakghoul (1898140169)...
   Addon needs downloading...
   Downloading [ 5% of 1.5 MB ]
   Downloading [ 66% of 1.5 MB ]
   Downloaded!
   Extracting...
   Mounting...
   Mounted!
Processing addon 223: Brick's Enhanced SWEPs - Content (1910270104)...
   Addon needs downloading...
   Downloading [ 3% of 10.2 MB ]
   Downloading [ 12% of 10.2 MB ]
   Downloading [ 19% of 10.2 MB ]
   Downloading [ 29% of 10.2 MB ]
   Downloading [ 38% of 10.2 MB ]
   Downloading [ 47% of 10.2 MB ]
   Downloading [ 56% of 10.2 MB ]
   Downloading [ 65% of 10.2 MB ]
   Downloading [ 73% of 10.2 MB ]
   Downloading [ 82% of 10.2 MB ]
   Downloading [ 91% of 10.2 MB ]
   Downloading [ 100% of 10.2 MB ]
   Downloaded!
   Extracting...
   Mounting...
   Mounted!
Processing addon 222: Star Wars Purge Troopers and Second Sister (1919449359)...
   Addon needs downloading...
   Downloading [ 0% of 29.4 MB ]
   Downloading [ 1% of 29.4 MB ]
   Downloading [ 4% of 29.4 MB ]
   Downloading [ 7% of 29.4 MB ]
   Downloading [ 10% of 29.4 MB ]
   Downloading [ 13% of 29.4 MB ]
   Downloading [ 16% of 29.4 MB ]
   Downloading [ 20% of 29.4 MB ]
   Downloading [ 23% of 29.4 MB ]
   Downloading [ 26% of 29.4 MB ]
   Downloading [ 28% of 29.4 MB ]
   Downloading [ 31% of 29.4 MB ]
   Downloading [ 34% of 29.4 MB ]
   Downloading [ 38% of 29.4 MB ]
   Downloading [ 41% of 29.4 MB ]
   Downloading [ 44% of 29.4 MB ]
   Downloading [ 46% of 29.4 MB ]
   Downloading [ 49% of 29.4 MB ]
   Downloading [ 52% of 29.4 MB ]
   Downloading [ 55% of 29.4 MB ]
   Downloading [ 58% of 29.4 MB ]
   Downloading [ 61% of 29.4 MB ]
   Downloading [ 64% of 29.4 MB ]
   Downloading [ 67% of 29.4 MB ]
   Downloading [ 70% of 29.4 MB ]
   Downloading [ 73% of 29.4 MB ]
   Downloading [ 76% of 29.4 MB ]
   Downloading [ 79% of 29.4 MB ]
   Downloading [ 82% of 29.4 MB ]
   Downloading [ 85% of 29.4 MB ]
   Downloading [ 88% of 29.4 MB ]
   Downloading [ 91% of 29.4 MB ]
   Downloading [ 95% of 29.4 MB ]
   Downloading [ 98% of 29.4 MB ]
   Downloaded!
   Extracting...
   Mounting...
   Mounted!
Processing addon 221: SW Modelpack : Skybox Props (1922420046)...
   Addon needs downloading...
   Downloading [ 2% of 41.8 MB ]
   Downloading [ 13% of 41.8 MB ]
   Downloading [ 37% of 41.8 MB ]
   Downloading [ 65% of 41.8 MB ]
   Downloading [ 90% of 41.8 MB ]
   Downloaded!
   Mounted!
Processing addon 220: Star Wars JFO: Imperial Flametrooper with flamethrower (1926779753)...
   Addon needs downloading...
   Downloading [ 0% of 11.5 MB ]
   Downloading [ 4% of 11.5 MB ]
   Downloading [ 12% of 11.5 MB ]
   Downloading [ 20% of 11.5 MB ]
   Downloading [ 28% of 11.5 MB ]
   Downloading [ 34% of 11.5 MB ]
   Downloading [ 38% of 11.5 MB ]
   Downloading [ 46% of 11.5 MB ]
   Downloading [ 53% of 11.5 MB ]
   Downloading [ 61% of 11.5 MB ]
   Downloading [ 69% of 11.5 MB ]
   Downloading [ 77% of 11.5 MB ]
   Downloading [ 85% of 11.5 MB ]
   Downloading [ 92% of 11.5 MB ]
   Downloading [ 100% of 11.5 MB ]
   Downloaded!
   Extracting...
   Mounting...
   Mounted!
Processing addon 219: Star Wars JFO: Inquisitor Ninth Sister (1927582367)...
   Addon needs downloading...
   Downloading [ 0% of 15.0 MB ]
   Downloading [ 6% of 15.0 MB ]
   Downloading [ 13% of 15.0 MB ]
   Downloading [ 19% of 15.0 MB ]
   Downloading [ 25% of 15.0 MB ]
   Downloading [ 30% of 15.0 MB ]
   Downloading [ 37% of 15.0 MB ]
   Downloading [ 42% of 15.0 MB ]
   Downloading [ 48% of 15.0 MB ]
   Downloading [ 54% of 15.0 MB ]
   Downloading [ 59% of 15.0 MB ]
   Downloading [ 61% of 15.0 MB ]
   Downloading [ 67% of 15.0 MB ]
   Downloading [ 73% of 15.0 MB ]
   Downloading [ 79% of 15.0 MB ]
   Downloading [ 86% of 15.0 MB ]
   Downloading [ 92% of 15.0 MB ]
   Downloading [ 97% of 15.0 MB ]
   Downloaded!
   Extracting...
   Mounting...
   Mounted!
Processing addon 218: [TFA] StarWars Sith Trooper Blaster (1943624622)...
   Addon needs downloading...
   Downloading [ 0% of 20.2 MB ]
   Downloading [ 0% of 20.2 MB ]
   Downloading [ 14% of 20.2 MB ]
   Downloading [ 54% of 20.2 MB ]
   Downloading [ 98% of 20.2 MB ]
   Downloaded!
   Mounted!
Processing addon 217: Purge Trooper Rifle (1953312865)...
   Addon needs downloading...
